<?xml version="1.0" encoding="UTF-8"?><TestSessionContainer xmlns="http://www.codecover.org/xml/testsession-container" Date="1464174582331" TestSessionContainerId="5ea6214c-0aef-48b7-ad24-2eb5c6649069" version="1.0">
<SrcFileList>
<SrcFile Content="package haodong.detection.step.algo;&#10;&#10;import java.util.ArrayList;&#10;&#10;public interface IStepAlgo {&#10;&#10;&#9;public void feedData(float acc_total);&#10;&#9;&#10;&#9;public int getStepResult();&#10;&#9;&#10;&#9;public ArrayList&lt;Integer&gt; getStepResultList();&#10;}&#10;" Filename="IStepAlgo.java" Intrnl_Id="1"/>
<SrcFile Content="package haodong.detection.step.algo;&#10;&#10;import java.util.ArrayList;&#10;&#10;public class StepBonusAlgo implements IStepAlgo{&#10;&#10;&#9;public StepBonusAlgo(){&#10;&#9;&#9;&#10;&#9;}&#10;&#9;&#10;&#9;@Override&#10;&#9;public void feedData(float acc_total) {&#10;&#9;&#9;&#10;&#9;}&#9;&#10;&#10;&#9;@Override&#10;&#9;public int getStepResult() {&#10;&#9;&#9;return 0;&#10;&#9;}&#10;&#10;&#9;@Override&#10;&#9;public ArrayList&lt;Integer&gt; getStepResultList() {&#10;&#9;&#9;return null;&#10;&#9;}&#10;}&#10;" Filename="StepBonusAlgo.java" Intrnl_Id="2"/>
<SrcFile Content="package haodong.detection.step.algo;&#10;&#10;import java.util.ArrayList;&#10;import java.util.Collections;&#10;&#10;public class StepFilterAlgo implements IStepAlgo{&#10;&#9;&#10;&#9;private ArrayList&lt;Float&gt; accTotal;&#10;&#9;&#10;&#9;private ArrayList&lt;ArrayList&lt;Float&gt;&gt; accFilter;&#10;&#9;&#10;&#9;private ArrayList&lt;Integer&gt; resultStep;&#10;&#9;&#10;&#9;private int lastStep = 0;&#10;&#9;&#10;&#9;public static final int section = 300;&#10;&#9;&#10;&#9;private int size = 0;&#10;&#9;&#10;&#9;private int wsSmooth0 = 11; &#10;&#9;&#10;&#9;private int wsSmooth1Half = 10; &#10;&#9;&#10;    private int wsPeak = 11; //windows size of peak detection //14,15&#10;&#9;&#10;&#9;private float peakJudge = 0.052f;&#10;&#9;&#10;&#9;private int totalSampleNum = 0;&#10;&#9;&#10;&#9;private boolean isDetected;&#10;&#9;&#10;&#9;private float alpha = 0.25f;&#10;&#9;&#10;&#9;public StepFilterAlgo() {&#10;&#9;&#9;accTotal = new ArrayList&lt;Float&gt;();&#10;&#9;&#9;accFilter = new ArrayList&lt;ArrayList&lt;Float&gt;&gt;();&#10;&#9;&#9;resultStep = new ArrayList&lt;Integer&gt;();&#10;&#9;&#9;resultStep.add(0);&#10;&#9;}&#10;&#9;&#10;&#9;@Override&#10;&#9;public void feedData(float acc_total) {&#10;&#9;&#9;isDetected = false;&#10;&#9;&#9;accTotal.add(acc_total);&#10;&#9;&#9;size = accTotal.size();&#10;&#9;&#9;totalSampleNum++;&#10;&#9;&#9;if(size == section){&#10;&#9;&#9;&#9;accTotal.remove(0);&#10;&#9;&#9;&#9;accFilter.remove(0);&#10;&#9;&#9;&#9;size = accTotal.size();&#10;&#9;&#9;}&#10;&#9;&#9;stepDetection();&#10;&#9;}&#10;&#9;&#10;&#9;public void reset(){&#10;&#9;&#9;accTotal = new ArrayList&lt;Float&gt;();&#10;&#9;&#9;accFilter = new ArrayList&lt;ArrayList&lt;Float&gt;&gt;();&#10;&#9;&#9;resultStep = new ArrayList&lt;Integer&gt;();&#10;&#9;&#9;resultStep.add(0);&#10;&#9;&#9;totalSampleNum = 0;&#10;&#9;&#9;size = 0;&#10;&#9;}&#10;&#9;&#10;&#9;private void stepDetection(){&#10;&#9;&#9;ArrayList&lt;Float&gt; accFilterTmp = new ArrayList&lt;Float&gt;();&#10;        accFilterTmp.add(accTotal.get(size - 1));&#10;        accFilterTmp.add(0.0f);&#10;        accFilterTmp.add(0.0f);&#10;        accFilter.add(accFilterTmp);&#10;        resultStep.add(resultStep.get(resultStep.size() - 1)); //add the last one&#10;        &#10;        if(size &gt; wsSmooth0){&#10;        &#9;ArrayList&lt;Float&gt; tmpSmooth0 = new ArrayList&lt;Float&gt;();&#10;        &#9;for(int j = size; j &gt;= size - wsSmooth0 + 1; j--){&#10;        &#9;&#9;tmpSmooth0.add(accTotal.get(size-1));&#10;        &#9;}&#10;        &#9;Collections.sort(tmpSmooth0);&#10;        &#9;int tmpi = (wsSmooth0 - 1) / 2;&#10;        &#9;accFilter.get(size - tmpi - 1).set(0, tmpSmooth0.get(tmpi));&#10;        }&#10;        if(size &gt;= wsSmooth1Half + 2){&#10;        &#9;int j = size - wsSmooth1Half;&#10;        &#9;int length = accFilter.size();&#10;        &#9;int tmp_i;&#10;        &#9;float avg1 = 0;&#10;        &#9;float avg2 = 0;&#10;        &#9;for(tmp_i = 0; tmp_i &lt;= wsSmooth1Half - 1; tmp_i++){&#10;        &#9;&#9;avg2 += accFilter.get(length - tmp_i - 1).get(0);&#10;        &#9;}&#10;        &#9;avg2 = avg2 / tmp_i;&#10;        &#9;float middle = accFilter.get(length - tmp_i - 1).get(0);&#10;        &#9;tmp_i++;&#10;        &#9;while (tmp_i &lt; Math.min(length, 2 * wsSmooth1Half + 1)) {&#10;                avg1 += accFilter.get(length - tmp_i - 1).get(0);&#10;                tmp_i++;&#10;            }&#10;        &#9;avg1 = avg1 / (tmp_i - wsSmooth1Half - 1);&#10;        &#9;accFilter.get(j - 1).set(1, (float) (2 * middle - avg1 - avg2));&#10;        &#9;//low pass filter&#10;        &#9;accFilter.get(j - 1).set(2, accFilter.get(j - 2).get(2) + alpha * (accFilter.get(j - 1).get(1) - accFilter.get(j - 2).get(2)));&#10;        &#9;// peak detection&#10;            if ((j &gt;= 2 * wsPeak + 1) &amp;&amp; (accFilter.get(j - wsPeak - 1).get(1) &gt; peakJudge)) {&#10;                ArrayList&lt;Float&gt; tmpPeakDetection = new ArrayList&lt;Float&gt;();&#10;                for (int tmp_j = 1; tmp_j &lt;= 2 * wsPeak + 1; tmp_j++) {&#10;                    tmpPeakDetection.add(accFilter.get(j - tmp_j).get(2));&#10;                }&#10;                Collections.sort(tmpPeakDetection);&#10;                if (tmpPeakDetection.get(tmpPeakDetection.size() - 1) == accFilter.get(j - wsPeak - 1).get(2)) {&#10;                    isDetected = true;&#10;                }&#10;            }&#10;            int tmp = totalSampleNum - wsSmooth1Half;&#10;&#10;            if (isDetected) {&#10;                resultStep.set(tmp - wsPeak - 1, resultStep.get(tmp - wsPeak - 2) + 1);&#10;                lastStep = resultStep.get(tmp - wsPeak - 1);&#10;            } else if (tmp &gt; wsPeak + 1) {&#10;                resultStep.set(tmp - wsPeak - 1, resultStep.get(tmp - wsPeak - 2));&#10;            }&#10;        }&#10;        else {&#10;            accFilter.get(size - 1).set(1, accFilter.get(size - 1).get(0));&#10;        }&#10;&#9;}&#10;&#10;&#9;@Override&#10;&#9;public int getStepResult() {&#10;&#9;&#9;return lastStep;&#10;&#9;}&#10;&#10;&#9;@Override&#10;&#9;public ArrayList&lt;Integer&gt; getStepResultList() {&#10;&#9;&#9;return resultStep;&#10;&#9;}&#10;&#10;}&#10;" Filename="StepFilterAlgo.java" Intrnl_Id="3"/>
<SrcFile Content="package haodong.detection.step.algo;&#10;&#10;import java.util.ArrayList;&#10;&#10;public class StepPeakAlgo implements IStepAlgo{&#10;&#10;&#9;private float peakThreshold = 1.2f;&#10;&#9;&#10;&#9;private float peakInterval = 1.5f; &#10;&#9;&#10;&#9;private long lastTime = 0;&#10;&#9;&#10;&#9;private int stepTotal = 0;&#10;&#9;&#10;&#9;private float currentPeakResult = 0;&#10;&#9;&#10;&#9;public StepPeakAlgo(){&#10;&#9;&#9;&#10;&#9;}&#10;&#9;&#10;&#9;@Override&#10;&#9;public void feedData(float acc_total){&#10;&#9;&#9;currentPeakResult = acc_total;&#10;&#9;}&#10;&#9;&#10;&#9;@Override&#10;&#9;public int getStepResult(){&#10;&#9;&#9;if(System.currentTimeMillis() - lastTime &gt; peakInterval * 1000){&#10;&#9;&#9;&#9;if(currentPeakResult &gt; peakThreshold){&#10;&#9;&#9;&#9;&#9;lastTime = System.currentTimeMillis();&#10;&#9;&#9;&#9;&#9;stepTotal++;&#10;&#9;&#9;&#9;&#9;currentPeakResult = 0;&#10;&#9;&#9;&#9;}&#10;&#9;&#9;}&#10;&#9;&#9;return stepTotal;&#10;&#9;}&#10;&#10;&#9;public float getPeakInterval() {&#10;&#9;&#9;return peakInterval;&#10;&#9;}&#10;&#10;&#9;public void setPeakInterval(float peakInterval) {&#10;&#9;&#9;this.peakInterval = peakInterval;&#10;&#9;}&#10;&#10;&#9;public float getPeakThreshold() {&#10;&#9;&#9;return peakThreshold;&#10;&#9;}&#10;&#10;&#9;public void setPeakThreshold(float peakThreshold) {&#10;&#9;&#9;this.peakThreshold = peakThreshold;&#10;&#9;}&#10;&#10;&#9;@Override&#10;&#9;public ArrayList&lt;Integer&gt; getStepResultList() {&#10;&#9;&#9;return null;&#10;&#9;}&#10;}&#10;" Filename="StepPeakAlgo.java" Intrnl_Id="4"/>
<SrcFile Content="package haodong.detection.step.algo;&#10;&#10;import java.util.ArrayList;&#10;&#10;import haodong.utils.MathUtil;&#10;&#10;public class StepSelfAdjustAlgo implements IStepAlgo {&#10;&#10;&#9;public static final int DEFAULT_ARRAY_LENGTH = 24;&#10;&#9;&#10;&#9;public static float DEFAULT_SELF_ADJUST_THRESHOLD = 0.7f;&#10;&#9;&#10;&#9;public static float DEFAULT_DEVIATION_THRESHHOLD = 0.5f;&#10;&#9;&#10;&#9;private float[] array = new float[DEFAULT_ARRAY_LENGTH];&#10;&#9;&#10;&#9;private int arrayLength = 0;&#10;&#9;&#10;&#9;private int stepTotalNum = 0;&#10;&#9;&#10;&#9;public StepSelfAdjustAlgo(){&#10;&#9;}&#10;&#10;&#9;@Override&#10;&#9;public void feedData(float acc_total) {&#10;&#9;&#9;if(arrayLength &lt; DEFAULT_ARRAY_LENGTH){&#10;&#9;&#9;&#9;array[arrayLength] = acc_total;&#10;&#9;&#9;&#9;arrayLength++;&#10;&#9;&#9;}else{&#10;&#9;&#9;&#9;&#10;&#9;&#9;&#9;ArrayList&lt;Model&gt; models = new ArrayList&lt;Model&gt;();&#10;&#9;&#9;&#9;&#10;&#9;&#9;&#9;for(int i = 1; i != 8; i++){&#10;&#9;&#9;&#9;&#9;models.add(loopInner(i, array));&#10;&#9;&#9;&#9;}&#10;&#9;&#9;&#9;&#10;&#9;&#9;&#9;int index = getMaxSelfAdjustIndex(models);&#10;&#9;&#9;&#9;Model aimed = models.get(index);&#10;&#9;&#9;&#9;&#10;&#9;&#9;&#9;if(isStepDetected(aimed.bDeviation,aimed.selfAdjust) )&#10;&#9;&#9;&#9;&#9;stepTotalNum++;&#10;&#9;&#9;&#9;&#10;&#9;&#9;&#9;int bLengthMax = aimed.bLength;&#10;&#9;&#9;&#9;array = arrayModify(bLengthMax);&#10;&#9;&#9;&#9;arrayLength -= bLengthMax;&#10;&#9;&#9;}&#10;&#9;}&#10;&#9;&#10;&#9;private Model loopInner(int i,float[] array){&#10;&#9;&#9;&#10;&#9;&#9;float[] aArray = new float[i+5];&#10;&#9;&#9;float[] bArray = new float[i+5];&#10;&#9;&#9;&#10;&#9;&#9;for(int index = 0;index != i+5; index++){&#10;&#9;&#9;&#9;aArray[index] = array[index];&#10;&#9;&#9;&#9;bArray[index] = array[index+7];&#10;&#9;&#9;}&#10;&#9;&#9;//calculate standard deviation for bArray&#10;&#9;&#9;float bDeviation = MathUtil.getNormalDeviationValue(bArray);&#10;&#9;&#9;//calculate self adjust value for aArray, bArray&#10;&#9;&#9;float selfAdjust = calSelfAdjustValue(aArray,bArray);&#10;&#9;&#9;Model model = new Model();&#10;&#9;&#9;model.selfAdjust = selfAdjust;&#10;&#9;&#9;model.bDeviation = bDeviation;&#10;&#9;&#9;model.bLength = bArray.length;&#10;&#9;&#9;return model;&#10;&#9;}&#10;&#9;&#10;&#9;private float calSelfAdjustValue(float[] aArray,float[] bArray){&#10;&#9;&#9;&#10;&#9;&#9;float aMean = MathUtil.getMeanValue(aArray);&#10;&#9;&#9;float bMean = MathUtil.getMeanValue(bArray);&#10;&#9;&#9;float aDeviation = MathUtil.getNormalDeviationValue(aArray);&#10;&#9;&#9;float bDeviation = MathUtil.getNormalDeviationValue(bArray);&#10;&#9;&#9;float sum = 0;&#10;&#9;&#9;&#10;&#9;&#9;for(int i = 0; i != aArray.length; i++){&#10;&#9;&#9;&#9;sum += (aArray[i] - aMean) * (bArray[i] - bMean);&#10;&#9;&#9;}&#10;&#9;&#9;return sum / (aArray.length * aDeviation * bDeviation);&#10;&#9;}&#10;&#9;&#10;&#9;private int getMaxSelfAdjustIndex(ArrayList&lt;Model&gt; models){&#10;&#9;&#9;&#10;&#9;&#9;float tmp = -1;&#10;&#9;&#9;int index = 0;&#10;&#9;&#9;&#10;&#9;&#9;for(int i = 0; i != models.size(); i++){&#10;&#9;&#9;&#9;if(models.get(i).selfAdjust &gt; tmp){&#10;&#9;&#9;&#9;&#9;tmp = models.get(i).selfAdjust;&#10;&#9;&#9;&#9;&#9;index = i;&#10;&#9;&#9;&#9;}&#10;&#9;&#9;}&#10;&#9;&#9;return index;&#10;&#9;}&#10;&#9;&#10;&#9;private float[] arrayModify(int length){&#10;&#9;&#9;float[] newArray = new float[DEFAULT_ARRAY_LENGTH];&#10;&#9;&#9;&#10;&#9;&#9;for(int i = 0; i != DEFAULT_ARRAY_LENGTH - length; i++){&#10;&#9;&#9;&#9;newArray[i] = array[i+length];&#10;&#9;&#9;}&#10;&#9;&#9;return newArray;&#10;&#9;}&#10;&#9;&#10;&#9;private boolean isStepDetected(float deviation,float selfAdjust){&#10;&#9;&#9;if(deviation &gt; DEFAULT_DEVIATION_THRESHHOLD &amp;&amp; &#10;&#9;&#9;&#9;selfAdjust &gt; DEFAULT_SELF_ADJUST_THRESHOLD)&#10;&#9;&#9;return true;&#10;&#9;&#9;else return false;&#10;&#9;}&#10;&#9;&#10;&#9;private class Model{&#10;&#9;&#9;public float selfAdjust = 0;&#10;&#9;&#9;public float bDeviation = 0;&#10;&#9;&#9;public int bLength = 0;&#10;&#9;}&#10;&#10;&#9;@Override&#10;&#9;public int getStepResult() {&#10;&#9;&#9;return stepTotalNum;&#10;&#9;}&#10;&#10;&#9;@Override&#10;&#9;public ArrayList&lt;Integer&gt; getStepResultList() {&#10;&#9;&#9;return null;&#10;&#9;}&#10;&#9;&#10;}&#10;" Filename="StepSelfAdjustAlgo.java" Intrnl_Id="5"/>
</SrcFileList>
<CritList>
<CritListEntry Name="org.codecover.model.utils.criteria.LoopCoverage" PluginName="org.codecover"/>
<CritListEntry Name="org.codecover.model.utils.criteria.QMOCoverage" PluginName="org.codecover"/>
<CritListEntry Name="org.codecover.model.utils.criteria.ConditionCoverage" PluginName="org.codecover"/>
<CritListEntry Name="org.codecover.model.utils.criteria.BranchCoverage" PluginName="org.codecover"/>
<CritListEntry Name="org.codecover.model.utils.criteria.SynchronizedStatementCoverage" PluginName="org.codecover"/>
<CritListEntry Name="org.codecover.model.utils.criteria.StatementCoverage" PluginName="org.codecover"/>
</CritList>
<BoolOpList>
<BoolOp Arity="2" Intrnl_Id="6" Name="conditional and (&amp;&amp;)">
<BoolAssgnmntBoolMapList>
<MapEntry BoolAssgnmnt="02" Value="false"/>
<MapEntry BoolAssgnmnt="10" Value="false"/>
<MapEntry BoolAssgnmnt="11" Value="true"/>
</BoolAssgnmntBoolMapList>
</BoolOp>
</BoolOpList>
<HierarchyLvlTypeList>
<HierarchyLvlType EnglishName="package" IntrnlName="package" Intrnl_Id="7"/>
<HierarchyLvlType EnglishName="interface" IntrnlName="interface" Intrnl_Id="8"/>
<HierarchyLvlType EnglishName="method" IntrnlName="method" Intrnl_Id="9"/>
<HierarchyLvlType EnglishName="class" IntrnlName="class" Intrnl_Id="10"/>
<HierarchyLvlType EnglishName="default package" IntrnlName="default package" Intrnl_Id="11"/>
</HierarchyLvlTypeList>
<MASTRoot>
<HierarchyLvl HierarchyLvlId="302" HierarchyLvlTypeId="11" Intrnl_Id="12" Name="default package">
<Header/>
<LocList/>
<HierarchyLvl HierarchyLvlId="301" HierarchyLvlTypeId="7" Intrnl_Id="13" Name="haodong">
<Header/>
<LocList/>
<HierarchyLvl HierarchyLvlId="300" HierarchyLvlTypeId="7" Intrnl_Id="14" Name="detection">
<Header/>
<LocList/>
<HierarchyLvl HierarchyLvlId="299" HierarchyLvlTypeId="7" Intrnl_Id="15" Name="step">
<Header/>
<LocList/>
<HierarchyLvl HierarchyLvlId="298" HierarchyLvlTypeId="7" Intrnl_Id="16" Name="algo">
<Header/>
<LocList/>
<HierarchyLvl HierarchyLvlId="265" HierarchyLvlTypeId="8" Intrnl_Id="17" Name="IStepAlgo">
<Header>
<Loc EndOffset="93" SrcFileId="1" StartOffset="67"/>
</Header>
<LocList>
<Loc EndOffset="219" SrcFileId="1" StartOffset="67"/>
</LocList>
<HierarchyLvl HierarchyLvlId="262" HierarchyLvlTypeId="9" Intrnl_Id="18" Name="feedData">
<Header>
<Loc EndOffset="135" SrcFileId="1" StartOffset="98"/>
</Header>
<LocList>
<Loc EndOffset="136" SrcFileId="1" StartOffset="98"/>
</LocList>
</HierarchyLvl>
<HierarchyLvl HierarchyLvlId="263" HierarchyLvlTypeId="9" Intrnl_Id="19" Name="getStepResult">
<Header>
<Loc EndOffset="166" SrcFileId="1" StartOffset="140"/>
</Header>
<LocList>
<Loc EndOffset="167" SrcFileId="1" StartOffset="140"/>
</LocList>
</HierarchyLvl>
<HierarchyLvl HierarchyLvlId="264" HierarchyLvlTypeId="9" Intrnl_Id="20" Name="getStepResultList">
<Header>
<Loc EndOffset="216" SrcFileId="1" StartOffset="171"/>
</Header>
<LocList>
<Loc EndOffset="217" SrcFileId="1" StartOffset="171"/>
</LocList>
</HierarchyLvl>
</HierarchyLvl>
<HierarchyLvl HierarchyLvlId="270" HierarchyLvlTypeId="10" Intrnl_Id="21" Name="StepBonusAlgo">
<Header>
<Loc EndOffset="114" SrcFileId="2" StartOffset="67"/>
</Header>
<LocList>
<Loc EndOffset="346" SrcFileId="2" StartOffset="67"/>
</LocList>
<HierarchyLvl HierarchyLvlId="266" HierarchyLvlTypeId="9" Intrnl_Id="22" Name="StepBonusAlgo">
<Header>
<Loc EndOffset="140" SrcFileId="2" StartOffset="118"/>
</Header>
<LocList>
<Loc EndOffset="147" SrcFileId="2" StartOffset="118"/>
</LocList>
</HierarchyLvl>
<HierarchyLvl HierarchyLvlId="267" HierarchyLvlTypeId="9" Intrnl_Id="23" Name="feedData">
<Header>
<Loc EndOffset="199" SrcFileId="2" StartOffset="151"/>
</Header>
<LocList>
<Loc EndOffset="207" SrcFileId="2" StartOffset="151"/>
</LocList>
</HierarchyLvl>
<HierarchyLvl HierarchyLvlId="268" HierarchyLvlTypeId="9" Intrnl_Id="24" Name="getStepResult">
<Header>
<Loc EndOffset="248" SrcFileId="2" StartOffset="211"/>
</Header>
<LocList>
<Loc EndOffset="265" SrcFileId="2" StartOffset="211"/>
</LocList>
<StmntSeq Intrnl_Id="25">
<LocList>
<Loc EndOffset="262" SrcFileId="2" StartOffset="253"/>
</LocList>
<BasicStmnt CovItemId="S1" CovItemPrefix="haodong.detection.step.algo.StepBonusAlgo.java" Intrnl_Id="26">
<LocList>
<Loc EndOffset="262" SrcFileId="2" StartOffset="253"/>
</LocList>
</BasicStmnt>
</StmntSeq>
</HierarchyLvl>
<HierarchyLvl HierarchyLvlId="269" HierarchyLvlTypeId="9" Intrnl_Id="27" Name="getStepResultList">
<Header>
<Loc EndOffset="324" SrcFileId="2" StartOffset="268"/>
</Header>
<LocList>
<Loc EndOffset="344" SrcFileId="2" StartOffset="268"/>
</LocList>
<StmntSeq Intrnl_Id="28">
<LocList>
<Loc EndOffset="341" SrcFileId="2" StartOffset="329"/>
</LocList>
<BasicStmnt CovItemId="S2" CovItemPrefix="haodong.detection.step.algo.StepBonusAlgo.java" Intrnl_Id="29">
<LocList>
<Loc EndOffset="341" SrcFileId="2" StartOffset="329"/>
</LocList>
</BasicStmnt>
</StmntSeq>
</HierarchyLvl>
</HierarchyLvl>
<HierarchyLvl HierarchyLvlId="277" HierarchyLvlTypeId="10" Intrnl_Id="30" Name="StepFilterAlgo">
<Header>
<Loc EndOffset="145" SrcFileId="3" StartOffset="97"/>
</Header>
<LocList>
<Loc EndOffset="4150" SrcFileId="3" StartOffset="97"/>
</LocList>
<StmntSeq Intrnl_Id="31">
<LocList>
<Loc EndOffset="305" SrcFileId="3" StartOffset="280"/>
<Loc EndOffset="347" SrcFileId="3" StartOffset="309"/>
<Loc EndOffset="372" SrcFileId="3" StartOffset="351"/>
<Loc EndOffset="403" SrcFileId="3" StartOffset="376"/>
<Loc EndOffset="439" SrcFileId="3" StartOffset="408"/>
<Loc EndOffset="471" SrcFileId="3" StartOffset="447"/>
<Loc EndOffset="549" SrcFileId="3" StartOffset="516"/>
<Loc EndOffset="584" SrcFileId="3" StartOffset="553"/>
<Loc EndOffset="647" SrcFileId="3" StartOffset="619"/>
</LocList>
<BasicStmnt CovItemId="S1" CovItemPrefix="haodong.detection.step.algo.StepFilterAlgo.java" Intrnl_Id="32">
<LocList>
<Loc EndOffset="305" SrcFileId="3" StartOffset="280"/>
</LocList>
</BasicStmnt>
<BasicStmnt CovItemId="S2" CovItemPrefix="haodong.detection.step.algo.StepFilterAlgo.java" Intrnl_Id="33">
<LocList>
<Loc EndOffset="347" SrcFileId="3" StartOffset="309"/>
</LocList>
</BasicStmnt>
<BasicStmnt CovItemId="S3" CovItemPrefix="haodong.detection.step.algo.StepFilterAlgo.java" Intrnl_Id="34">
<LocList>
<Loc EndOffset="372" SrcFileId="3" StartOffset="351"/>
</LocList>
</BasicStmnt>
<BasicStmnt CovItemId="S4" CovItemPrefix="haodong.detection.step.algo.StepFilterAlgo.java" Intrnl_Id="35">
<LocList>
<Loc EndOffset="403" SrcFileId="3" StartOffset="376"/>
</LocList>
</BasicStmnt>
<BasicStmnt CovItemId="S5" CovItemPrefix="haodong.detection.step.algo.StepFilterAlgo.java" Intrnl_Id="36">
<LocList>
<Loc EndOffset="439" SrcFileId="3" StartOffset="408"/>
</LocList>
</BasicStmnt>
<BasicStmnt CovItemId="S6" CovItemPrefix="haodong.detection.step.algo.StepFilterAlgo.java" Intrnl_Id="37">
<LocList>
<Loc EndOffset="471" SrcFileId="3" StartOffset="447"/>
</LocList>
</BasicStmnt>
<BasicStmnt CovItemId="S7" CovItemPrefix="haodong.detection.step.algo.StepFilterAlgo.java" Intrnl_Id="38">
<LocList>
<Loc EndOffset="549" SrcFileId="3" StartOffset="516"/>
</LocList>
</BasicStmnt>
<BasicStmnt CovItemId="S8" CovItemPrefix="haodong.detection.step.algo.StepFilterAlgo.java" Intrnl_Id="39">
<LocList>
<Loc EndOffset="584" SrcFileId="3" StartOffset="553"/>
</LocList>
</BasicStmnt>
<BasicStmnt CovItemId="S9" CovItemPrefix="haodong.detection.step.algo.StepFilterAlgo.java" Intrnl_Id="40">
<LocList>
<Loc EndOffset="647" SrcFileId="3" StartOffset="619"/>
</LocList>
</BasicStmnt>
</StmntSeq>
<HierarchyLvl HierarchyLvlId="271" HierarchyLvlTypeId="9" Intrnl_Id="41" Name="StepFilterAlgo">
<Header>
<Loc EndOffset="674" SrcFileId="3" StartOffset="651"/>
</Header>
<LocList>
<Loc EndOffset="827" SrcFileId="3" StartOffset="651"/>
</LocList>
<StmntSeq Intrnl_Id="42">
<LocList>
<Loc EndOffset="713" SrcFileId="3" StartOffset="679"/>
<Loc EndOffset="762" SrcFileId="3" StartOffset="716"/>
<Loc EndOffset="803" SrcFileId="3" StartOffset="765"/>
<Loc EndOffset="824" SrcFileId="3" StartOffset="806"/>
</LocList>
<BasicStmnt CovItemId="S10" CovItemPrefix="haodong.detection.step.algo.StepFilterAlgo.java" Intrnl_Id="43">
<LocList>
<Loc EndOffset="713" SrcFileId="3" StartOffset="679"/>
</LocList>
</BasicStmnt>
<BasicStmnt CovItemId="S11" CovItemPrefix="haodong.detection.step.algo.StepFilterAlgo.java" Intrnl_Id="44">
<LocList>
<Loc EndOffset="762" SrcFileId="3" StartOffset="716"/>
</LocList>
</BasicStmnt>
<BasicStmnt CovItemId="S12" CovItemPrefix="haodong.detection.step.algo.StepFilterAlgo.java" Intrnl_Id="45">
<LocList>
<Loc EndOffset="803" SrcFileId="3" StartOffset="765"/>
</LocList>
</BasicStmnt>
<BasicStmnt CovItemId="S13" CovItemPrefix="haodong.detection.step.algo.StepFilterAlgo.java" Intrnl_Id="46">
<LocList>
<Loc EndOffset="824" SrcFileId="3" StartOffset="806"/>
</LocList>
</BasicStmnt>
</StmntSeq>
</HierarchyLvl>
<HierarchyLvl HierarchyLvlId="272" HierarchyLvlTypeId="9" Intrnl_Id="47" Name="feedData">
<Header>
<Loc EndOffset="879" SrcFileId="3" StartOffset="831"/>
</Header>
<LocList>
<Loc EndOffset="1099" SrcFileId="3" StartOffset="831"/>
</LocList>
<StmntSeq Intrnl_Id="48">
<LocList>
<Loc EndOffset="903" SrcFileId="3" StartOffset="884"/>
<Loc EndOffset="930" SrcFileId="3" StartOffset="906"/>
<Loc EndOffset="956" SrcFileId="3" StartOffset="933"/>
<Loc EndOffset="976" SrcFileId="3" StartOffset="959"/>
<Loc EndOffset="1077" SrcFileId="3" StartOffset="979"/>
<Loc EndOffset="1096" SrcFileId="3" StartOffset="1080"/>
</LocList>
<BasicStmnt CovItemId="S14" CovItemPrefix="haodong.detection.step.algo.StepFilterAlgo.java" Intrnl_Id="49">
<LocList>
<Loc EndOffset="903" SrcFileId="3" StartOffset="884"/>
</LocList>
</BasicStmnt>
<BasicStmnt CovItemId="S15" CovItemPrefix="haodong.detection.step.algo.StepFilterAlgo.java" Intrnl_Id="50">
<LocList>
<Loc EndOffset="930" SrcFileId="3" StartOffset="906"/>
</LocList>
</BasicStmnt>
<BasicStmnt CovItemId="S16" CovItemPrefix="haodong.detection.step.algo.StepFilterAlgo.java" Intrnl_Id="51">
<LocList>
<Loc EndOffset="956" SrcFileId="3" StartOffset="933"/>
</LocList>
</BasicStmnt>
<BasicStmnt CovItemId="S17" CovItemPrefix="haodong.detection.step.algo.StepFilterAlgo.java" Intrnl_Id="52">
<LocList>
<Loc EndOffset="976" SrcFileId="3" StartOffset="959"/>
</LocList>
</BasicStmnt>
<CondStmnt CovItemId="S18" CovItemPrefix="haodong.detection.step.algo.StepFilterAlgo.java" Intrnl_Id="53">
<Branch CovItemId="B1" CovItemPrefix="haodong.detection.step.algo.StepFilterAlgo.java" Implct="false" Intrnl_Id="54">
<Cond/>
<LocList>
<Loc EndOffset="1077" SrcFileId="3" StartOffset="998"/>
</LocList>
<StmntSeq Intrnl_Id="55">
<LocList>
<Loc EndOffset="1022" SrcFileId="3" StartOffset="1003"/>
<Loc EndOffset="1046" SrcFileId="3" StartOffset="1026"/>
<Loc EndOffset="1073" SrcFileId="3" StartOffset="1050"/>
</LocList>
<BasicStmnt CovItemId="S19" CovItemPrefix="haodong.detection.step.algo.StepFilterAlgo.java" Intrnl_Id="56">
<LocList>
<Loc EndOffset="1022" SrcFileId="3" StartOffset="1003"/>
</LocList>
</BasicStmnt>
<BasicStmnt CovItemId="S20" CovItemPrefix="haodong.detection.step.algo.StepFilterAlgo.java" Intrnl_Id="57">
<LocList>
<Loc EndOffset="1046" SrcFileId="3" StartOffset="1026"/>
</LocList>
</BasicStmnt>
<BasicStmnt CovItemId="S21" CovItemPrefix="haodong.detection.step.algo.StepFilterAlgo.java" Intrnl_Id="58">
<LocList>
<Loc EndOffset="1073" SrcFileId="3" StartOffset="1050"/>
</LocList>
</BasicStmnt>
</StmntSeq>
</Branch>
<Branch CovItemId="B2" CovItemPrefix="haodong.detection.step.algo.StepFilterAlgo.java" Implct="true" Intrnl_Id="59">
<Cond/>
<LocList/>
<StmntSeq Intrnl_Id="60">
<LocList/>
</StmntSeq>
</Branch>
<Keyword EndOffset="981" SrcFileId="3" StartOffset="979"/>
<LocList>
<Loc EndOffset="1077" SrcFileId="3" StartOffset="979"/>
</LocList>
<RootTerm CovItemId="C1" CovItemPrefix="haodong.detection.step.algo.StepFilterAlgo.java" Intrnl_Id="61">
<BasicBoolTerm Intrnl_Id="62">
<LocList>
<Loc EndOffset="997" SrcFileId="3" StartOffset="982"/>
</LocList>
</BasicBoolTerm>
</RootTerm>
</CondStmnt>
<BasicStmnt CovItemId="S22" CovItemPrefix="haodong.detection.step.algo.StepFilterAlgo.java" Intrnl_Id="63">
<LocList>
<Loc EndOffset="1096" SrcFileId="3" StartOffset="1080"/>
</LocList>
</BasicStmnt>
</StmntSeq>
</HierarchyLvl>
<HierarchyLvl HierarchyLvlId="273" HierarchyLvlTypeId="9" Intrnl_Id="64" Name="reset">
<Header>
<Loc EndOffset="1122" SrcFileId="3" StartOffset="1103"/>
</Header>
<LocList>
<Loc EndOffset="1308" SrcFileId="3" StartOffset="1103"/>
</LocList>
<StmntSeq Intrnl_Id="65">
<LocList>
<Loc EndOffset="1160" SrcFileId="3" StartOffset="1126"/>
<Loc EndOffset="1209" SrcFileId="3" StartOffset="1163"/>
<Loc EndOffset="1250" SrcFileId="3" StartOffset="1212"/>
<Loc EndOffset="1271" SrcFileId="3" StartOffset="1253"/>
<Loc EndOffset="1293" SrcFileId="3" StartOffset="1274"/>
<Loc EndOffset="1305" SrcFileId="3" StartOffset="1296"/>
</LocList>
<BasicStmnt CovItemId="S23" CovItemPrefix="haodong.detection.step.algo.StepFilterAlgo.java" Intrnl_Id="66">
<LocList>
<Loc EndOffset="1160" SrcFileId="3" StartOffset="1126"/>
</LocList>
</BasicStmnt>
<BasicStmnt CovItemId="S24" CovItemPrefix="haodong.detection.step.algo.StepFilterAlgo.java" Intrnl_Id="67">
<LocList>
<Loc EndOffset="1209" SrcFileId="3" StartOffset="1163"/>
</LocList>
</BasicStmnt>
<BasicStmnt CovItemId="S25" CovItemPrefix="haodong.detection.step.algo.StepFilterAlgo.java" Intrnl_Id="68">
<LocList>
<Loc EndOffset="1250" SrcFileId="3" StartOffset="1212"/>
</LocList>
</BasicStmnt>
<BasicStmnt CovItemId="S26" CovItemPrefix="haodong.detection.step.algo.StepFilterAlgo.java" Intrnl_Id="69">
<LocList>
<Loc EndOffset="1271" SrcFileId="3" StartOffset="1253"/>
</LocList>
</BasicStmnt>
<BasicStmnt CovItemId="S27" CovItemPrefix="haodong.detection.step.algo.StepFilterAlgo.java" Intrnl_Id="70">
<LocList>
<Loc EndOffset="1293" SrcFileId="3" StartOffset="1274"/>
</LocList>
</BasicStmnt>
<BasicStmnt CovItemId="S28" CovItemPrefix="haodong.detection.step.algo.StepFilterAlgo.java" Intrnl_Id="71">
<LocList>
<Loc EndOffset="1305" SrcFileId="3" StartOffset="1296"/>
</LocList>
</BasicStmnt>
</StmntSeq>
</HierarchyLvl>
<HierarchyLvl HierarchyLvlId="274" HierarchyLvlTypeId="9" Intrnl_Id="72" Name="stepDetection">
<Header>
<Loc EndOffset="1340" SrcFileId="3" StartOffset="1312"/>
</Header>
<LocList>
<Loc EndOffset="3998" SrcFileId="3" StartOffset="1312"/>
</LocList>
<StmntSeq Intrnl_Id="73">
<LocList>
<Loc EndOffset="1399" SrcFileId="3" StartOffset="1344"/>
<Loc EndOffset="1449" SrcFileId="3" StartOffset="1408"/>
<Loc EndOffset="1481" SrcFileId="3" StartOffset="1458"/>
<Loc EndOffset="1513" SrcFileId="3" StartOffset="1490"/>
<Loc EndOffset="1550" SrcFileId="3" StartOffset="1522"/>
<Loc EndOffset="1613" SrcFileId="3" StartOffset="1559"/>
<Loc EndOffset="2013" SrcFileId="3" StartOffset="1650"/>
<Loc EndOffset="3995" SrcFileId="3" StartOffset="2022"/>
</LocList>
<BasicStmnt CovItemId="S29" CovItemPrefix="haodong.detection.step.algo.StepFilterAlgo.java" Intrnl_Id="74">
<LocList>
<Loc EndOffset="1399" SrcFileId="3" StartOffset="1344"/>
</LocList>
</BasicStmnt>
<BasicStmnt CovItemId="S30" CovItemPrefix="haodong.detection.step.algo.StepFilterAlgo.java" Intrnl_Id="75">
<LocList>
<Loc EndOffset="1449" SrcFileId="3" StartOffset="1408"/>
</LocList>
</BasicStmnt>
<BasicStmnt CovItemId="S31" CovItemPrefix="haodong.detection.step.algo.StepFilterAlgo.java" Intrnl_Id="76">
<LocList>
<Loc EndOffset="1481" SrcFileId="3" StartOffset="1458"/>
</LocList>
</BasicStmnt>
<BasicStmnt CovItemId="S32" CovItemPrefix="haodong.detection.step.algo.StepFilterAlgo.java" Intrnl_Id="77">
<LocList>
<Loc EndOffset="1513" SrcFileId="3" StartOffset="1490"/>
</LocList>
</BasicStmnt>
<BasicStmnt CovItemId="S33" CovItemPrefix="haodong.detection.step.algo.StepFilterAlgo.java" Intrnl_Id="78">
<LocList>
<Loc EndOffset="1550" SrcFileId="3" StartOffset="1522"/>
</LocList>
</BasicStmnt>
<BasicStmnt CovItemId="S34" CovItemPrefix="haodong.detection.step.algo.StepFilterAlgo.java" Intrnl_Id="79">
<LocList>
<Loc EndOffset="1613" SrcFileId="3" StartOffset="1559"/>
</LocList>
</BasicStmnt>
<CondStmnt CovItemId="S35" CovItemPrefix="haodong.detection.step.algo.StepFilterAlgo.java" Intrnl_Id="80">
<Branch CovItemId="B3" CovItemPrefix="haodong.detection.step.algo.StepFilterAlgo.java" Implct="false" Intrnl_Id="81">
<Cond/>
<LocList>
<Loc EndOffset="2013" SrcFileId="3" StartOffset="1670"/>
</LocList>
<StmntSeq Intrnl_Id="82">
<LocList>
<Loc EndOffset="1734" SrcFileId="3" StartOffset="1681"/>
<Loc EndOffset="1853" SrcFileId="3" StartOffset="1744"/>
<Loc EndOffset="1892" SrcFileId="3" StartOffset="1863"/>
<Loc EndOffset="1933" SrcFileId="3" StartOffset="1902"/>
<Loc EndOffset="2003" SrcFileId="3" StartOffset="1943"/>
</LocList>
<BasicStmnt CovItemId="S36" CovItemPrefix="haodong.detection.step.algo.StepFilterAlgo.java" Intrnl_Id="83">
<LocList>
<Loc EndOffset="1734" SrcFileId="3" StartOffset="1681"/>
</LocList>
</BasicStmnt>
<LoopStmnt CovItemId="S37" CovItemPrefix="haodong.detection.step.algo.StepFilterAlgo.java" Intrnl_Id="84" MltplExecId="L1-2" MltplExecPrefix="haodong.detection.step.algo.StepFilterAlgo.java" NvrExecId="L1-0" NvrExecPrefix="haodong.detection.step.algo.StepFilterAlgo.java" OnceExecutedId="L1-1" OnceExecutedPrefix="haodong.detection.step.algo.StepFilterAlgo.java" OptBodyExec="true">
<StmntSeq Intrnl_Id="85">
<LocList>
<Loc EndOffset="1842" SrcFileId="3" StartOffset="1805"/>
</LocList>
<BasicStmnt CovItemId="S38" CovItemPrefix="haodong.detection.step.algo.StepFilterAlgo.java" Intrnl_Id="86">
<LocList>
<Loc EndOffset="1842" SrcFileId="3" StartOffset="1805"/>
</LocList>
</BasicStmnt>
</StmntSeq>
<Keyword EndOffset="1747" SrcFileId="3" StartOffset="1744"/>
<LocList>
<Loc EndOffset="1853" SrcFileId="3" StartOffset="1744"/>
</LocList>
<RootTerm CovItemId="C3" CovItemPrefix="haodong.detection.step.algo.StepFilterAlgo.java" Intrnl_Id="87">
<BasicBoolTerm Intrnl_Id="88">
<LocList>
<Loc EndOffset="1787" SrcFileId="3" StartOffset="1762"/>
</LocList>
</BasicBoolTerm>
</RootTerm>
</LoopStmnt>
<BasicStmnt CovItemId="S39" CovItemPrefix="haodong.detection.step.algo.StepFilterAlgo.java" Intrnl_Id="89">
<LocList>
<Loc EndOffset="1892" SrcFileId="3" StartOffset="1863"/>
</LocList>
</BasicStmnt>
<BasicStmnt CovItemId="S40" CovItemPrefix="haodong.detection.step.algo.StepFilterAlgo.java" Intrnl_Id="90">
<LocList>
<Loc EndOffset="1933" SrcFileId="3" StartOffset="1902"/>
</LocList>
</BasicStmnt>
<BasicStmnt CovItemId="S41" CovItemPrefix="haodong.detection.step.algo.StepFilterAlgo.java" Intrnl_Id="91">
<LocList>
<Loc EndOffset="2003" SrcFileId="3" StartOffset="1943"/>
</LocList>
</BasicStmnt>
</StmntSeq>
</Branch>
<Branch CovItemId="B4" CovItemPrefix="haodong.detection.step.algo.StepFilterAlgo.java" Implct="true" Intrnl_Id="92">
<Cond/>
<LocList/>
<StmntSeq Intrnl_Id="93">
<LocList/>
</StmntSeq>
</Branch>
<Keyword EndOffset="1652" SrcFileId="3" StartOffset="1650"/>
<LocList>
<Loc EndOffset="2013" SrcFileId="3" StartOffset="1650"/>
</LocList>
<RootTerm CovItemId="C2" CovItemPrefix="haodong.detection.step.algo.StepFilterAlgo.java" Intrnl_Id="94">
<BasicBoolTerm Intrnl_Id="95">
<LocList>
<Loc EndOffset="1669" SrcFileId="3" StartOffset="1653"/>
</LocList>
</BasicBoolTerm>
</RootTerm>
</CondStmnt>
<CondStmnt CovItemId="S42" CovItemPrefix="haodong.detection.step.algo.StepFilterAlgo.java" Intrnl_Id="96">
<Branch CovItemId="B5" CovItemPrefix="haodong.detection.step.algo.StepFilterAlgo.java" Implct="false" Intrnl_Id="97">
<Cond/>
<LocList>
<Loc EndOffset="3894" SrcFileId="3" StartOffset="2051"/>
</LocList>
<StmntSeq Intrnl_Id="98">
<LocList>
<Loc EndOffset="2091" SrcFileId="3" StartOffset="2062"/>
<Loc EndOffset="2131" SrcFileId="3" StartOffset="2101"/>
<Loc EndOffset="2176" SrcFileId="3" StartOffset="2161"/>
<Loc EndOffset="2201" SrcFileId="3" StartOffset="2186"/>
<Loc EndOffset="2334" SrcFileId="3" StartOffset="2211"/>
<Loc EndOffset="2364" SrcFileId="3" StartOffset="2344"/>
<Loc EndOffset="2430" SrcFileId="3" StartOffset="2374"/>
<Loc EndOffset="2448" SrcFileId="3" StartOffset="2440"/>
<Loc EndOffset="2620" SrcFileId="3" StartOffset="2458"/>
<Loc EndOffset="2672" SrcFileId="3" StartOffset="2630"/>
<Loc EndOffset="2746" SrcFileId="3" StartOffset="2682"/>
<Loc EndOffset="2910" SrcFileId="3" StartOffset="2783"/>
<Loc EndOffset="3509" SrcFileId="3" StartOffset="2950"/>
<Loc EndOffset="3563" SrcFileId="3" StartOffset="3522"/>
<Loc EndOffset="3884" SrcFileId="3" StartOffset="3577"/>
</LocList>
<BasicStmnt CovItemId="S43" CovItemPrefix="haodong.detection.step.algo.StepFilterAlgo.java" Intrnl_Id="99">
<LocList>
<Loc EndOffset="2091" SrcFileId="3" StartOffset="2062"/>
</LocList>
</BasicStmnt>
<BasicStmnt CovItemId="S44" CovItemPrefix="haodong.detection.step.algo.StepFilterAlgo.java" Intrnl_Id="100">
<LocList>
<Loc EndOffset="2131" SrcFileId="3" StartOffset="2101"/>
</LocList>
</BasicStmnt>
<BasicStmnt CovItemId="S45" CovItemPrefix="haodong.detection.step.algo.StepFilterAlgo.java" Intrnl_Id="101">
<LocList>
<Loc EndOffset="2176" SrcFileId="3" StartOffset="2161"/>
</LocList>
</BasicStmnt>
<BasicStmnt CovItemId="S46" CovItemPrefix="haodong.detection.step.algo.StepFilterAlgo.java" Intrnl_Id="102">
<LocList>
<Loc EndOffset="2201" SrcFileId="3" StartOffset="2186"/>
</LocList>
</BasicStmnt>
<LoopStmnt CovItemId="S47" CovItemPrefix="haodong.detection.step.algo.StepFilterAlgo.java" Intrnl_Id="103" MltplExecId="L2-2" MltplExecPrefix="haodong.detection.step.algo.StepFilterAlgo.java" NvrExecId="L2-0" NvrExecPrefix="haodong.detection.step.algo.StepFilterAlgo.java" OnceExecutedId="L2-1" OnceExecutedPrefix="haodong.detection.step.algo.StepFilterAlgo.java" OptBodyExec="true">
<StmntSeq Intrnl_Id="104">
<LocList>
<Loc EndOffset="2323" SrcFileId="3" StartOffset="2274"/>
</LocList>
<BasicStmnt CovItemId="S48" CovItemPrefix="haodong.detection.step.algo.StepFilterAlgo.java" Intrnl_Id="105">
<LocList>
<Loc EndOffset="2323" SrcFileId="3" StartOffset="2274"/>
</LocList>
</BasicStmnt>
</StmntSeq>
<Keyword EndOffset="2214" SrcFileId="3" StartOffset="2211"/>
<LocList>
<Loc EndOffset="2334" SrcFileId="3" StartOffset="2211"/>
</LocList>
<RootTerm CovItemId="C5" CovItemPrefix="haodong.detection.step.algo.StepFilterAlgo.java" Intrnl_Id="106">
<BasicBoolTerm Intrnl_Id="107">
<LocList>
<Loc EndOffset="2252" SrcFileId="3" StartOffset="2226"/>
</LocList>
</BasicBoolTerm>
</RootTerm>
</LoopStmnt>
<BasicStmnt CovItemId="S49" CovItemPrefix="haodong.detection.step.algo.StepFilterAlgo.java" Intrnl_Id="108">
<LocList>
<Loc EndOffset="2364" SrcFileId="3" StartOffset="2344"/>
</LocList>
</BasicStmnt>
<BasicStmnt CovItemId="S50" CovItemPrefix="haodong.detection.step.algo.StepFilterAlgo.java" Intrnl_Id="109">
<LocList>
<Loc EndOffset="2430" SrcFileId="3" StartOffset="2374"/>
</LocList>
</BasicStmnt>
<BasicStmnt CovItemId="S51" CovItemPrefix="haodong.detection.step.algo.StepFilterAlgo.java" Intrnl_Id="110">
<LocList>
<Loc EndOffset="2448" SrcFileId="3" StartOffset="2440"/>
</LocList>
</BasicStmnt>
<LoopStmnt CovItemId="S52" CovItemPrefix="haodong.detection.step.algo.StepFilterAlgo.java" Intrnl_Id="111" MltplExecId="L3-2" MltplExecPrefix="haodong.detection.step.algo.StepFilterAlgo.java" NvrExecId="L3-0" NvrExecPrefix="haodong.detection.step.algo.StepFilterAlgo.java" OnceExecutedId="L3-1" OnceExecutedPrefix="haodong.detection.step.algo.StepFilterAlgo.java" OptBodyExec="true">
<StmntSeq Intrnl_Id="112">
<LocList>
<Loc EndOffset="2581" SrcFileId="3" StartOffset="2532"/>
<Loc EndOffset="2606" SrcFileId="3" StartOffset="2598"/>
</LocList>
<BasicStmnt CovItemId="S53" CovItemPrefix="haodong.detection.step.algo.StepFilterAlgo.java" Intrnl_Id="113">
<LocList>
<Loc EndOffset="2581" SrcFileId="3" StartOffset="2532"/>
</LocList>
</BasicStmnt>
<BasicStmnt CovItemId="S54" CovItemPrefix="haodong.detection.step.algo.StepFilterAlgo.java" Intrnl_Id="114">
<LocList>
<Loc EndOffset="2606" SrcFileId="3" StartOffset="2598"/>
</LocList>
</BasicStmnt>
</StmntSeq>
<Keyword EndOffset="2463" SrcFileId="3" StartOffset="2458"/>
<LocList>
<Loc EndOffset="2620" SrcFileId="3" StartOffset="2458"/>
</LocList>
<RootTerm CovItemId="C6" CovItemPrefix="haodong.detection.step.algo.StepFilterAlgo.java" Intrnl_Id="115">
<BasicBoolTerm Intrnl_Id="116">
<LocList>
<Loc EndOffset="2512" SrcFileId="3" StartOffset="2465"/>
</LocList>
</BasicBoolTerm>
</RootTerm>
</LoopStmnt>
<BasicStmnt CovItemId="S55" CovItemPrefix="haodong.detection.step.algo.StepFilterAlgo.java" Intrnl_Id="117">
<LocList>
<Loc EndOffset="2672" SrcFileId="3" StartOffset="2630"/>
</LocList>
</BasicStmnt>
<BasicStmnt CovItemId="S56" CovItemPrefix="haodong.detection.step.algo.StepFilterAlgo.java" Intrnl_Id="118">
<LocList>
<Loc EndOffset="2746" SrcFileId="3" StartOffset="2682"/>
</LocList>
</BasicStmnt>
<BasicStmnt CovItemId="S57" CovItemPrefix="haodong.detection.step.algo.StepFilterAlgo.java" Intrnl_Id="119">
<LocList>
<Loc EndOffset="2910" SrcFileId="3" StartOffset="2783"/>
</LocList>
</BasicStmnt>
<CondStmnt CovItemId="S58" CovItemPrefix="haodong.detection.step.algo.StepFilterAlgo.java" Intrnl_Id="120">
<Branch CovItemId="B7" CovItemPrefix="haodong.detection.step.algo.StepFilterAlgo.java" Implct="false" Intrnl_Id="121">
<Cond/>
<LocList>
<Loc EndOffset="3509" SrcFileId="3" StartOffset="3031"/>
</LocList>
<StmntSeq Intrnl_Id="122">
<LocList>
<Loc EndOffset="3108" SrcFileId="3" StartOffset="3049"/>
<Loc EndOffset="3273" SrcFileId="3" StartOffset="3125"/>
<Loc EndOffset="3325" SrcFileId="3" StartOffset="3290"/>
<Loc EndOffset="3495" SrcFileId="3" StartOffset="3342"/>
</LocList>
<BasicStmnt CovItemId="S59" CovItemPrefix="haodong.detection.step.algo.StepFilterAlgo.java" Intrnl_Id="123">
<LocList>
<Loc EndOffset="3108" SrcFileId="3" StartOffset="3049"/>
</LocList>
</BasicStmnt>
<LoopStmnt CovItemId="S60" CovItemPrefix="haodong.detection.step.algo.StepFilterAlgo.java" Intrnl_Id="124" MltplExecId="L4-2" MltplExecPrefix="haodong.detection.step.algo.StepFilterAlgo.java" NvrExecId="L4-0" NvrExecPrefix="haodong.detection.step.algo.StepFilterAlgo.java" OnceExecutedId="L4-1" OnceExecutedPrefix="haodong.detection.step.algo.StepFilterAlgo.java" OptBodyExec="true">
<StmntSeq Intrnl_Id="125">
<LocList>
<Loc EndOffset="3255" SrcFileId="3" StartOffset="3201"/>
</LocList>
<BasicStmnt CovItemId="S61" CovItemPrefix="haodong.detection.step.algo.StepFilterAlgo.java" Intrnl_Id="126">
<LocList>
<Loc EndOffset="3255" SrcFileId="3" StartOffset="3201"/>
</LocList>
</BasicStmnt>
</StmntSeq>
<Keyword EndOffset="3128" SrcFileId="3" StartOffset="3125"/>
<LocList>
<Loc EndOffset="3273" SrcFileId="3" StartOffset="3125"/>
</LocList>
<RootTerm CovItemId="C8" CovItemPrefix="haodong.detection.step.algo.StepFilterAlgo.java" Intrnl_Id="127">
<BasicBoolTerm Intrnl_Id="128">
<LocList>
<Loc EndOffset="3168" SrcFileId="3" StartOffset="3145"/>
</LocList>
</BasicBoolTerm>
</RootTerm>
</LoopStmnt>
<BasicStmnt CovItemId="S62" CovItemPrefix="haodong.detection.step.algo.StepFilterAlgo.java" Intrnl_Id="129">
<LocList>
<Loc EndOffset="3325" SrcFileId="3" StartOffset="3290"/>
</LocList>
</BasicStmnt>
<CondStmnt CovItemId="S63" CovItemPrefix="haodong.detection.step.algo.StepFilterAlgo.java" Intrnl_Id="130">
<Branch CovItemId="B9" CovItemPrefix="haodong.detection.step.algo.StepFilterAlgo.java" Implct="false" Intrnl_Id="131">
<Cond/>
<LocList>
<Loc EndOffset="3495" SrcFileId="3" StartOffset="3437"/>
</LocList>
<StmntSeq Intrnl_Id="132">
<LocList>
<Loc EndOffset="3477" SrcFileId="3" StartOffset="3459"/>
</LocList>
<BasicStmnt CovItemId="S64" CovItemPrefix="haodong.detection.step.algo.StepFilterAlgo.java" Intrnl_Id="133">
<LocList>
<Loc EndOffset="3477" SrcFileId="3" StartOffset="3459"/>
</LocList>
</BasicStmnt>
</StmntSeq>
</Branch>
<Branch CovItemId="B10" CovItemPrefix="haodong.detection.step.algo.StepFilterAlgo.java" Implct="true" Intrnl_Id="134">
<Cond/>
<LocList/>
<StmntSeq Intrnl_Id="135">
<LocList/>
</StmntSeq>
</Branch>
<Keyword EndOffset="3344" SrcFileId="3" StartOffset="3342"/>
<LocList>
<Loc EndOffset="3495" SrcFileId="3" StartOffset="3342"/>
</LocList>
<RootTerm CovItemId="C9" CovItemPrefix="haodong.detection.step.algo.StepFilterAlgo.java" Intrnl_Id="136">
<BasicBoolTerm Intrnl_Id="137">
<LocList>
<Loc EndOffset="3435" SrcFileId="3" StartOffset="3346"/>
</LocList>
</BasicBoolTerm>
</RootTerm>
</CondStmnt>
</StmntSeq>
</Branch>
<Branch CovItemId="B8" CovItemPrefix="haodong.detection.step.algo.StepFilterAlgo.java" Implct="true" Intrnl_Id="138">
<Cond/>
<LocList/>
<StmntSeq Intrnl_Id="139">
<LocList/>
</StmntSeq>
</Branch>
<Keyword EndOffset="2952" SrcFileId="3" StartOffset="2950"/>
<LocList>
<Loc EndOffset="3509" SrcFileId="3" StartOffset="2950"/>
</LocList>
<RootTerm CovItemId="C7" CovItemPrefix="haodong.detection.step.algo.StepFilterAlgo.java" Intrnl_Id="140">
<OpTerm BooleanOpId="6" Intrnl_Id="141">
<BasicBoolTerm Intrnl_Id="142">
<LocList>
<Loc EndOffset="2974" SrcFileId="3" StartOffset="2955"/>
</LocList>
</BasicBoolTerm>
<BasicBoolTerm Intrnl_Id="143">
<LocList>
<Loc EndOffset="3028" SrcFileId="3" StartOffset="2980"/>
</LocList>
</BasicBoolTerm>
<LocList>
<Loc EndOffset="2978" SrcFileId="3" StartOffset="2976"/>
</LocList>
</OpTerm>
</RootTerm>
</CondStmnt>
<BasicStmnt CovItemId="S65" CovItemPrefix="haodong.detection.step.algo.StepFilterAlgo.java" Intrnl_Id="144">
<LocList>
<Loc EndOffset="3563" SrcFileId="3" StartOffset="3522"/>
</LocList>
</BasicStmnt>
<CondStmnt CovItemId="S66" CovItemPrefix="haodong.detection.step.algo.StepFilterAlgo.java" Intrnl_Id="145">
<Branch CovItemId="B11" CovItemPrefix="haodong.detection.step.algo.StepFilterAlgo.java" Implct="false" Intrnl_Id="146">
<Cond/>
<LocList>
<Loc EndOffset="3757" SrcFileId="3" StartOffset="3593"/>
</LocList>
<StmntSeq Intrnl_Id="147">
<LocList>
<Loc EndOffset="3682" SrcFileId="3" StartOffset="3611"/>
<Loc EndOffset="3743" SrcFileId="3" StartOffset="3699"/>
</LocList>
<BasicStmnt CovItemId="S67" CovItemPrefix="haodong.detection.step.algo.StepFilterAlgo.java" Intrnl_Id="148">
<LocList>
<Loc EndOffset="3682" SrcFileId="3" StartOffset="3611"/>
</LocList>
</BasicStmnt>
<BasicStmnt CovItemId="S68" CovItemPrefix="haodong.detection.step.algo.StepFilterAlgo.java" Intrnl_Id="149">
<LocList>
<Loc EndOffset="3743" SrcFileId="3" StartOffset="3699"/>
</LocList>
</BasicStmnt>
</StmntSeq>
</Branch>
<Branch CovItemId="B12" CovItemPrefix="haodong.detection.step.algo.StepFilterAlgo.java" Implct="false" Intrnl_Id="150">
<Cond>
<Loc EndOffset="3762" SrcFileId="3" StartOffset="3758"/>
</Cond>
<LocList>
<Loc EndOffset="3884" SrcFileId="3" StartOffset="3763"/>
</LocList>
<StmntSeq Intrnl_Id="151">
<LocList>
<Loc EndOffset="3884" SrcFileId="3" StartOffset="3763"/>
</LocList>
<CondStmnt CovItemId="S69" CovItemPrefix="haodong.detection.step.algo.StepFilterAlgo.java" Intrnl_Id="152">
<Branch CovItemId="B13" CovItemPrefix="haodong.detection.step.algo.StepFilterAlgo.java" Implct="false" Intrnl_Id="153">
<Cond/>
<LocList>
<Loc EndOffset="3884" SrcFileId="3" StartOffset="3785"/>
</LocList>
<StmntSeq Intrnl_Id="154">
<LocList>
<Loc EndOffset="3870" SrcFileId="3" StartOffset="3803"/>
</LocList>
<BasicStmnt CovItemId="S70" CovItemPrefix="haodong.detection.step.algo.StepFilterAlgo.java" Intrnl_Id="155">
<LocList>
<Loc EndOffset="3870" SrcFileId="3" StartOffset="3803"/>
</LocList>
</BasicStmnt>
</StmntSeq>
</Branch>
<Branch CovItemId="B14" CovItemPrefix="haodong.detection.step.algo.StepFilterAlgo.java" Implct="true" Intrnl_Id="156">
<Cond/>
<LocList/>
<StmntSeq Intrnl_Id="157">
<LocList/>
</StmntSeq>
</Branch>
<Keyword EndOffset="3765" SrcFileId="3" StartOffset="3763"/>
<LocList>
<Loc EndOffset="3884" SrcFileId="3" StartOffset="3763"/>
</LocList>
<RootTerm CovItemId="C11" CovItemPrefix="haodong.detection.step.algo.StepFilterAlgo.java" Intrnl_Id="158">
<BasicBoolTerm Intrnl_Id="159">
<LocList>
<Loc EndOffset="3783" SrcFileId="3" StartOffset="3767"/>
</LocList>
</BasicBoolTerm>
</RootTerm>
</CondStmnt>
</StmntSeq>
</Branch>
<Keyword EndOffset="3579" SrcFileId="3" StartOffset="3577"/>
<LocList>
<Loc EndOffset="3884" SrcFileId="3" StartOffset="3577"/>
</LocList>
<RootTerm CovItemId="C10" CovItemPrefix="haodong.detection.step.algo.StepFilterAlgo.java" Intrnl_Id="160">
<BasicBoolTerm Intrnl_Id="161">
<LocList>
<Loc EndOffset="3591" SrcFileId="3" StartOffset="3581"/>
</LocList>
</BasicBoolTerm>
</RootTerm>
</CondStmnt>
</StmntSeq>
</Branch>
<Branch CovItemId="B6" CovItemPrefix="haodong.detection.step.algo.StepFilterAlgo.java" Implct="false" Intrnl_Id="162">
<Cond>
<Loc EndOffset="3907" SrcFileId="3" StartOffset="3903"/>
</Cond>
<LocList>
<Loc EndOffset="3995" SrcFileId="3" StartOffset="3908"/>
</LocList>
<StmntSeq Intrnl_Id="163">
<LocList>
<Loc EndOffset="3985" SrcFileId="3" StartOffset="3922"/>
</LocList>
<BasicStmnt CovItemId="S71" CovItemPrefix="haodong.detection.step.algo.StepFilterAlgo.java" Intrnl_Id="164">
<LocList>
<Loc EndOffset="3985" SrcFileId="3" StartOffset="3922"/>
</LocList>
</BasicStmnt>
</StmntSeq>
</Branch>
<Keyword EndOffset="2024" SrcFileId="3" StartOffset="2022"/>
<LocList>
<Loc EndOffset="3995" SrcFileId="3" StartOffset="2022"/>
</LocList>
<RootTerm CovItemId="C4" CovItemPrefix="haodong.detection.step.algo.StepFilterAlgo.java" Intrnl_Id="165">
<BasicBoolTerm Intrnl_Id="166">
<LocList>
<Loc EndOffset="2050" SrcFileId="3" StartOffset="2025"/>
</LocList>
</BasicBoolTerm>
</RootTerm>
</CondStmnt>
</StmntSeq>
</HierarchyLvl>
<HierarchyLvl HierarchyLvlId="275" HierarchyLvlTypeId="9" Intrnl_Id="167" Name="getStepResult">
<Header>
<Loc EndOffset="4038" SrcFileId="3" StartOffset="4001"/>
</Header>
<LocList>
<Loc EndOffset="4062" SrcFileId="3" StartOffset="4001"/>
</LocList>
<StmntSeq Intrnl_Id="168">
<LocList>
<Loc EndOffset="4059" SrcFileId="3" StartOffset="4043"/>
</LocList>
<BasicStmnt CovItemId="S72" CovItemPrefix="haodong.detection.step.algo.StepFilterAlgo.java" Intrnl_Id="169">
<LocList>
<Loc EndOffset="4059" SrcFileId="3" StartOffset="4043"/>
</LocList>
</BasicStmnt>
</StmntSeq>
</HierarchyLvl>
<HierarchyLvl HierarchyLvlId="276" HierarchyLvlTypeId="9" Intrnl_Id="170" Name="getStepResultList">
<Header>
<Loc EndOffset="4121" SrcFileId="3" StartOffset="4065"/>
</Header>
<LocList>
<Loc EndOffset="4147" SrcFileId="3" StartOffset="4065"/>
</LocList>
<StmntSeq Intrnl_Id="171">
<LocList>
<Loc EndOffset="4144" SrcFileId="3" StartOffset="4126"/>
</LocList>
<BasicStmnt CovItemId="S73" CovItemPrefix="haodong.detection.step.algo.StepFilterAlgo.java" Intrnl_Id="172">
<LocList>
<Loc EndOffset="4144" SrcFileId="3" StartOffset="4126"/>
</LocList>
</BasicStmnt>
</StmntSeq>
</HierarchyLvl>
</HierarchyLvl>
<HierarchyLvl HierarchyLvlId="286" HierarchyLvlTypeId="10" Intrnl_Id="173" Name="StepPeakAlgo">
<Header>
<Loc EndOffset="113" SrcFileId="4" StartOffset="67"/>
</Header>
<LocList>
<Loc EndOffset="1073" SrcFileId="4" StartOffset="67"/>
</LocList>
<StmntSeq Intrnl_Id="174">
<LocList>
<Loc EndOffset="152" SrcFileId="4" StartOffset="117"/>
<Loc EndOffset="190" SrcFileId="4" StartOffset="156"/>
<Loc EndOffset="221" SrcFileId="4" StartOffset="195"/>
<Loc EndOffset="251" SrcFileId="4" StartOffset="225"/>
<Loc EndOffset="291" SrcFileId="4" StartOffset="255"/>
</LocList>
<BasicStmnt CovItemId="S1" CovItemPrefix="haodong.detection.step.algo.StepPeakAlgo.java" Intrnl_Id="175">
<LocList>
<Loc EndOffset="152" SrcFileId="4" StartOffset="117"/>
</LocList>
</BasicStmnt>
<BasicStmnt CovItemId="S2" CovItemPrefix="haodong.detection.step.algo.StepPeakAlgo.java" Intrnl_Id="176">
<LocList>
<Loc EndOffset="190" SrcFileId="4" StartOffset="156"/>
</LocList>
</BasicStmnt>
<BasicStmnt CovItemId="S3" CovItemPrefix="haodong.detection.step.algo.StepPeakAlgo.java" Intrnl_Id="177">
<LocList>
<Loc EndOffset="221" SrcFileId="4" StartOffset="195"/>
</LocList>
</BasicStmnt>
<BasicStmnt CovItemId="S4" CovItemPrefix="haodong.detection.step.algo.StepPeakAlgo.java" Intrnl_Id="178">
<LocList>
<Loc EndOffset="251" SrcFileId="4" StartOffset="225"/>
</LocList>
</BasicStmnt>
<BasicStmnt CovItemId="S5" CovItemPrefix="haodong.detection.step.algo.StepPeakAlgo.java" Intrnl_Id="179">
<LocList>
<Loc EndOffset="291" SrcFileId="4" StartOffset="255"/>
</LocList>
</BasicStmnt>
</StmntSeq>
<HierarchyLvl HierarchyLvlId="278" HierarchyLvlTypeId="9" Intrnl_Id="180" Name="StepPeakAlgo">
<Header>
<Loc EndOffset="316" SrcFileId="4" StartOffset="295"/>
</Header>
<LocList>
<Loc EndOffset="323" SrcFileId="4" StartOffset="295"/>
</LocList>
</HierarchyLvl>
<HierarchyLvl HierarchyLvlId="279" HierarchyLvlTypeId="9" Intrnl_Id="181" Name="feedData">
<Header>
<Loc EndOffset="375" SrcFileId="4" StartOffset="327"/>
</Header>
<LocList>
<Loc EndOffset="412" SrcFileId="4" StartOffset="327"/>
</LocList>
<StmntSeq Intrnl_Id="182">
<LocList>
<Loc EndOffset="409" SrcFileId="4" StartOffset="379"/>
</LocList>
<BasicStmnt CovItemId="S6" CovItemPrefix="haodong.detection.step.algo.StepPeakAlgo.java" Intrnl_Id="183">
<LocList>
<Loc EndOffset="409" SrcFileId="4" StartOffset="379"/>
</LocList>
</BasicStmnt>
</StmntSeq>
</HierarchyLvl>
<HierarchyLvl HierarchyLvlId="280" HierarchyLvlTypeId="9" Intrnl_Id="184" Name="getStepResult">
<Header>
<Loc EndOffset="453" SrcFileId="4" StartOffset="416"/>
</Header>
<LocList>
<Loc EndOffset="682" SrcFileId="4" StartOffset="416"/>
</LocList>
<StmntSeq Intrnl_Id="185">
<LocList>
<Loc EndOffset="659" SrcFileId="4" StartOffset="457"/>
<Loc EndOffset="679" SrcFileId="4" StartOffset="662"/>
</LocList>
<CondStmnt CovItemId="S7" CovItemPrefix="haodong.detection.step.algo.StepPeakAlgo.java" Intrnl_Id="186">
<Branch CovItemId="B1" CovItemPrefix="haodong.detection.step.algo.StepPeakAlgo.java" Implct="false" Intrnl_Id="187">
<Cond/>
<LocList>
<Loc EndOffset="659" SrcFileId="4" StartOffset="520"/>
</LocList>
<StmntSeq Intrnl_Id="188">
<LocList>
<Loc EndOffset="655" SrcFileId="4" StartOffset="525"/>
</LocList>
<CondStmnt CovItemId="S8" CovItemPrefix="haodong.detection.step.algo.StepPeakAlgo.java" Intrnl_Id="189">
<Branch CovItemId="B3" CovItemPrefix="haodong.detection.step.algo.StepPeakAlgo.java" Implct="false" Intrnl_Id="190">
<Cond/>
<LocList>
<Loc EndOffset="655" SrcFileId="4" StartOffset="562"/>
</LocList>
<StmntSeq Intrnl_Id="191">
<LocList>
<Loc EndOffset="606" SrcFileId="4" StartOffset="568"/>
<Loc EndOffset="623" SrcFileId="4" StartOffset="611"/>
<Loc EndOffset="650" SrcFileId="4" StartOffset="628"/>
</LocList>
<BasicStmnt CovItemId="S9" CovItemPrefix="haodong.detection.step.algo.StepPeakAlgo.java" Intrnl_Id="192">
<LocList>
<Loc EndOffset="606" SrcFileId="4" StartOffset="568"/>
</LocList>
</BasicStmnt>
<BasicStmnt CovItemId="S10" CovItemPrefix="haodong.detection.step.algo.StepPeakAlgo.java" Intrnl_Id="193">
<LocList>
<Loc EndOffset="623" SrcFileId="4" StartOffset="611"/>
</LocList>
</BasicStmnt>
<BasicStmnt CovItemId="S11" CovItemPrefix="haodong.detection.step.algo.StepPeakAlgo.java" Intrnl_Id="194">
<LocList>
<Loc EndOffset="650" SrcFileId="4" StartOffset="628"/>
</LocList>
</BasicStmnt>
</StmntSeq>
</Branch>
<Branch CovItemId="B4" CovItemPrefix="haodong.detection.step.algo.StepPeakAlgo.java" Implct="true" Intrnl_Id="195">
<Cond/>
<LocList/>
<StmntSeq Intrnl_Id="196">
<LocList/>
</StmntSeq>
</Branch>
<Keyword EndOffset="527" SrcFileId="4" StartOffset="525"/>
<LocList>
<Loc EndOffset="655" SrcFileId="4" StartOffset="525"/>
</LocList>
<RootTerm CovItemId="C2" CovItemPrefix="haodong.detection.step.algo.StepPeakAlgo.java" Intrnl_Id="197">
<BasicBoolTerm Intrnl_Id="198">
<LocList>
<Loc EndOffset="561" SrcFileId="4" StartOffset="528"/>
</LocList>
</BasicBoolTerm>
</RootTerm>
</CondStmnt>
</StmntSeq>
</Branch>
<Branch CovItemId="B2" CovItemPrefix="haodong.detection.step.algo.StepPeakAlgo.java" Implct="true" Intrnl_Id="199">
<Cond/>
<LocList/>
<StmntSeq Intrnl_Id="200">
<LocList/>
</StmntSeq>
</Branch>
<Keyword EndOffset="459" SrcFileId="4" StartOffset="457"/>
<LocList>
<Loc EndOffset="659" SrcFileId="4" StartOffset="457"/>
</LocList>
<RootTerm CovItemId="C1" CovItemPrefix="haodong.detection.step.algo.StepPeakAlgo.java" Intrnl_Id="201">
<BasicBoolTerm Intrnl_Id="202">
<LocList>
<Loc EndOffset="519" SrcFileId="4" StartOffset="460"/>
</LocList>
</BasicBoolTerm>
</RootTerm>
</CondStmnt>
<BasicStmnt CovItemId="S12" CovItemPrefix="haodong.detection.step.algo.StepPeakAlgo.java" Intrnl_Id="203">
<LocList>
<Loc EndOffset="679" SrcFileId="4" StartOffset="662"/>
</LocList>
</BasicStmnt>
</StmntSeq>
</HierarchyLvl>
<HierarchyLvl HierarchyLvlId="281" HierarchyLvlTypeId="9" Intrnl_Id="204" Name="getPeakInterval">
<Header>
<Loc EndOffset="715" SrcFileId="4" StartOffset="685"/>
</Header>
<LocList>
<Loc EndOffset="743" SrcFileId="4" StartOffset="685"/>
</LocList>
<StmntSeq Intrnl_Id="205">
<LocList>
<Loc EndOffset="740" SrcFileId="4" StartOffset="720"/>
</LocList>
<BasicStmnt CovItemId="S13" CovItemPrefix="haodong.detection.step.algo.StepPeakAlgo.java" Intrnl_Id="206">
<LocList>
<Loc EndOffset="740" SrcFileId="4" StartOffset="720"/>
</LocList>
</BasicStmnt>
</StmntSeq>
</HierarchyLvl>
<HierarchyLvl HierarchyLvlId="282" HierarchyLvlTypeId="9" Intrnl_Id="207" Name="setPeakInterval">
<Header>
<Loc EndOffset="793" SrcFileId="4" StartOffset="746"/>
</Header>
<LocList>
<Loc EndOffset="834" SrcFileId="4" StartOffset="746"/>
</LocList>
<StmntSeq Intrnl_Id="208">
<LocList>
<Loc EndOffset="831" SrcFileId="4" StartOffset="798"/>
</LocList>
<BasicStmnt CovItemId="S14" CovItemPrefix="haodong.detection.step.algo.StepPeakAlgo.java" Intrnl_Id="209">
<LocList>
<Loc EndOffset="831" SrcFileId="4" StartOffset="798"/>
</LocList>
</BasicStmnt>
</StmntSeq>
</HierarchyLvl>
<HierarchyLvl HierarchyLvlId="283" HierarchyLvlTypeId="9" Intrnl_Id="210" Name="getPeakThreshold">
<Header>
<Loc EndOffset="868" SrcFileId="4" StartOffset="837"/>
</Header>
<LocList>
<Loc EndOffset="897" SrcFileId="4" StartOffset="837"/>
</LocList>
<StmntSeq Intrnl_Id="211">
<LocList>
<Loc EndOffset="894" SrcFileId="4" StartOffset="873"/>
</LocList>
<BasicStmnt CovItemId="S15" CovItemPrefix="haodong.detection.step.algo.StepPeakAlgo.java" Intrnl_Id="212">
<LocList>
<Loc EndOffset="894" SrcFileId="4" StartOffset="873"/>
</LocList>
</BasicStmnt>
</StmntSeq>
</HierarchyLvl>
<HierarchyLvl HierarchyLvlId="284" HierarchyLvlTypeId="9" Intrnl_Id="213" Name="setPeakThreshold">
<Header>
<Loc EndOffset="949" SrcFileId="4" StartOffset="900"/>
</Header>
<LocList>
<Loc EndOffset="992" SrcFileId="4" StartOffset="900"/>
</LocList>
<StmntSeq Intrnl_Id="214">
<LocList>
<Loc EndOffset="989" SrcFileId="4" StartOffset="954"/>
</LocList>
<BasicStmnt CovItemId="S16" CovItemPrefix="haodong.detection.step.algo.StepPeakAlgo.java" Intrnl_Id="215">
<LocList>
<Loc EndOffset="989" SrcFileId="4" StartOffset="954"/>
</LocList>
</BasicStmnt>
</StmntSeq>
</HierarchyLvl>
<HierarchyLvl HierarchyLvlId="285" HierarchyLvlTypeId="9" Intrnl_Id="216" Name="getStepResultList">
<Header>
<Loc EndOffset="1051" SrcFileId="4" StartOffset="995"/>
</Header>
<LocList>
<Loc EndOffset="1071" SrcFileId="4" StartOffset="995"/>
</LocList>
<StmntSeq Intrnl_Id="217">
<LocList>
<Loc EndOffset="1068" SrcFileId="4" StartOffset="1056"/>
</LocList>
<BasicStmnt CovItemId="S17" CovItemPrefix="haodong.detection.step.algo.StepPeakAlgo.java" Intrnl_Id="218">
<LocList>
<Loc EndOffset="1068" SrcFileId="4" StartOffset="1056"/>
</LocList>
</BasicStmnt>
</StmntSeq>
</HierarchyLvl>
</HierarchyLvl>
<HierarchyLvl HierarchyLvlId="297" HierarchyLvlTypeId="10" Intrnl_Id="219" Name="StepSelfAdjustAlgo">
<Header>
<Loc EndOffset="151" SrcFileId="5" StartOffset="99"/>
</Header>
<LocList>
<Loc EndOffset="2827" SrcFileId="5" StartOffset="99"/>
<Loc EndOffset="3089" SrcFileId="5" StartOffset="2938"/>
</LocList>
<StmntSeq Intrnl_Id="220">
<LocList>
<Loc EndOffset="206" SrcFileId="5" StartOffset="156"/>
<Loc EndOffset="267" SrcFileId="5" StartOffset="210"/>
<Loc EndOffset="327" SrcFileId="5" StartOffset="271"/>
<Loc EndOffset="387" SrcFileId="5" StartOffset="331"/>
<Loc EndOffset="419" SrcFileId="5" StartOffset="391"/>
<Loc EndOffset="452" SrcFileId="5" StartOffset="423"/>
</LocList>
<BasicStmnt CovItemId="S1" CovItemPrefix="haodong.detection.step.algo.StepSelfAdjustAlgo.java" Intrnl_Id="221">
<LocList>
<Loc EndOffset="206" SrcFileId="5" StartOffset="156"/>
</LocList>
</BasicStmnt>
<BasicStmnt CovItemId="S2" CovItemPrefix="haodong.detection.step.algo.StepSelfAdjustAlgo.java" Intrnl_Id="222">
<LocList>
<Loc EndOffset="267" SrcFileId="5" StartOffset="210"/>
</LocList>
</BasicStmnt>
<BasicStmnt CovItemId="S3" CovItemPrefix="haodong.detection.step.algo.StepSelfAdjustAlgo.java" Intrnl_Id="223">
<LocList>
<Loc EndOffset="327" SrcFileId="5" StartOffset="271"/>
</LocList>
</BasicStmnt>
<BasicStmnt CovItemId="S4" CovItemPrefix="haodong.detection.step.algo.StepSelfAdjustAlgo.java" Intrnl_Id="224">
<LocList>
<Loc EndOffset="387" SrcFileId="5" StartOffset="331"/>
</LocList>
</BasicStmnt>
<BasicStmnt CovItemId="S5" CovItemPrefix="haodong.detection.step.algo.StepSelfAdjustAlgo.java" Intrnl_Id="225">
<LocList>
<Loc EndOffset="419" SrcFileId="5" StartOffset="391"/>
</LocList>
</BasicStmnt>
<BasicStmnt CovItemId="S6" CovItemPrefix="haodong.detection.step.algo.StepSelfAdjustAlgo.java" Intrnl_Id="226">
<LocList>
<Loc EndOffset="452" SrcFileId="5" StartOffset="423"/>
</LocList>
</BasicStmnt>
</StmntSeq>
<HierarchyLvl HierarchyLvlId="287" HierarchyLvlTypeId="9" Intrnl_Id="227" Name="StepSelfAdjustAlgo">
<Header>
<Loc EndOffset="483" SrcFileId="5" StartOffset="456"/>
</Header>
<LocList>
<Loc EndOffset="487" SrcFileId="5" StartOffset="456"/>
</LocList>
</HierarchyLvl>
<HierarchyLvl HierarchyLvlId="288" HierarchyLvlTypeId="9" Intrnl_Id="228" Name="feedData">
<Header>
<Loc EndOffset="538" SrcFileId="5" StartOffset="490"/>
</Header>
<LocList>
<Loc EndOffset="1059" SrcFileId="5" StartOffset="490"/>
</LocList>
<StmntSeq Intrnl_Id="229">
<LocList>
<Loc EndOffset="1056" SrcFileId="5" StartOffset="543"/>
</LocList>
<CondStmnt CovItemId="S7" CovItemPrefix="haodong.detection.step.algo.StepSelfAdjustAlgo.java" Intrnl_Id="230">
<Branch CovItemId="B1" CovItemPrefix="haodong.detection.step.algo.StepSelfAdjustAlgo.java" Implct="false" Intrnl_Id="231">
<Cond/>
<LocList>
<Loc EndOffset="639" SrcFileId="5" StartOffset="581"/>
</LocList>
<StmntSeq Intrnl_Id="232">
<LocList>
<Loc EndOffset="617" SrcFileId="5" StartOffset="586"/>
<Loc EndOffset="635" SrcFileId="5" StartOffset="621"/>
</LocList>
<BasicStmnt CovItemId="S8" CovItemPrefix="haodong.detection.step.algo.StepSelfAdjustAlgo.java" Intrnl_Id="233">
<LocList>
<Loc EndOffset="617" SrcFileId="5" StartOffset="586"/>
</LocList>
</BasicStmnt>
<BasicStmnt CovItemId="S9" CovItemPrefix="haodong.detection.step.algo.StepSelfAdjustAlgo.java" Intrnl_Id="234">
<LocList>
<Loc EndOffset="635" SrcFileId="5" StartOffset="621"/>
</LocList>
</BasicStmnt>
</StmntSeq>
</Branch>
<Branch CovItemId="B2" CovItemPrefix="haodong.detection.step.algo.StepSelfAdjustAlgo.java" Implct="false" Intrnl_Id="235">
<Cond>
<Loc EndOffset="643" SrcFileId="5" StartOffset="639"/>
</Cond>
<LocList>
<Loc EndOffset="1056" SrcFileId="5" StartOffset="643"/>
</LocList>
<StmntSeq Intrnl_Id="236">
<LocList>
<Loc EndOffset="701" SrcFileId="5" StartOffset="652"/>
<Loc EndOffset="779" SrcFileId="5" StartOffset="709"/>
<Loc EndOffset="829" SrcFileId="5" StartOffset="787"/>
<Loc EndOffset="865" SrcFileId="5" StartOffset="833"/>
<Loc EndOffset="947" SrcFileId="5" StartOffset="873"/>
<Loc EndOffset="986" SrcFileId="5" StartOffset="955"/>
<Loc EndOffset="1022" SrcFileId="5" StartOffset="990"/>
<Loc EndOffset="1052" SrcFileId="5" StartOffset="1026"/>
</LocList>
<BasicStmnt CovItemId="S10" CovItemPrefix="haodong.detection.step.algo.StepSelfAdjustAlgo.java" Intrnl_Id="237">
<LocList>
<Loc EndOffset="701" SrcFileId="5" StartOffset="652"/>
</LocList>
</BasicStmnt>
<LoopStmnt CovItemId="S11" CovItemPrefix="haodong.detection.step.algo.StepSelfAdjustAlgo.java" Intrnl_Id="238" MltplExecId="L1-2" MltplExecPrefix="haodong.detection.step.algo.StepSelfAdjustAlgo.java" NvrExecId="L1-0" NvrExecPrefix="haodong.detection.step.algo.StepSelfAdjustAlgo.java" OnceExecutedId="L1-1" OnceExecutedPrefix="haodong.detection.step.algo.StepSelfAdjustAlgo.java" OptBodyExec="true">
<StmntSeq Intrnl_Id="239">
<LocList>
<Loc EndOffset="774" SrcFileId="5" StartOffset="742"/>
</LocList>
<BasicStmnt CovItemId="S12" CovItemPrefix="haodong.detection.step.algo.StepSelfAdjustAlgo.java" Intrnl_Id="240">
<LocList>
<Loc EndOffset="774" SrcFileId="5" StartOffset="742"/>
</LocList>
</BasicStmnt>
</StmntSeq>
<Keyword EndOffset="712" SrcFileId="5" StartOffset="709"/>
<LocList>
<Loc EndOffset="779" SrcFileId="5" StartOffset="709"/>
</LocList>
<RootTerm CovItemId="C2" CovItemPrefix="haodong.detection.step.algo.StepSelfAdjustAlgo.java" Intrnl_Id="241">
<BasicBoolTerm Intrnl_Id="242">
<LocList>
<Loc EndOffset="730" SrcFileId="5" StartOffset="724"/>
</LocList>
</BasicBoolTerm>
</RootTerm>
</LoopStmnt>
<BasicStmnt CovItemId="S13" CovItemPrefix="haodong.detection.step.algo.StepSelfAdjustAlgo.java" Intrnl_Id="243">
<LocList>
<Loc EndOffset="829" SrcFileId="5" StartOffset="787"/>
</LocList>
</BasicStmnt>
<BasicStmnt CovItemId="S14" CovItemPrefix="haodong.detection.step.algo.StepSelfAdjustAlgo.java" Intrnl_Id="244">
<LocList>
<Loc EndOffset="865" SrcFileId="5" StartOffset="833"/>
</LocList>
</BasicStmnt>
<CondStmnt CovItemId="S15" CovItemPrefix="haodong.detection.step.algo.StepSelfAdjustAlgo.java" Intrnl_Id="245">
<Branch CovItemId="B3" CovItemPrefix="haodong.detection.step.algo.StepSelfAdjustAlgo.java" Implct="false" Intrnl_Id="246">
<Cond/>
<LocList>
<Loc EndOffset="947" SrcFileId="5" StartOffset="932"/>
</LocList>
<StmntSeq Intrnl_Id="247">
<LocList>
<Loc EndOffset="947" SrcFileId="5" StartOffset="932"/>
</LocList>
<BasicStmnt CovItemId="S16" CovItemPrefix="haodong.detection.step.algo.StepSelfAdjustAlgo.java" Intrnl_Id="248">
<LocList>
<Loc EndOffset="947" SrcFileId="5" StartOffset="932"/>
</LocList>
</BasicStmnt>
</StmntSeq>
</Branch>
<Branch CovItemId="B4" CovItemPrefix="haodong.detection.step.algo.StepSelfAdjustAlgo.java" Implct="true" Intrnl_Id="249">
<Cond/>
<LocList/>
<StmntSeq Intrnl_Id="250">
<LocList/>
</StmntSeq>
</Branch>
<Keyword EndOffset="875" SrcFileId="5" StartOffset="873"/>
<LocList>
<Loc EndOffset="947" SrcFileId="5" StartOffset="873"/>
</LocList>
<RootTerm CovItemId="C3" CovItemPrefix="haodong.detection.step.algo.StepSelfAdjustAlgo.java" Intrnl_Id="251">
<BasicBoolTerm Intrnl_Id="252">
<LocList>
<Loc EndOffset="925" SrcFileId="5" StartOffset="876"/>
</LocList>
</BasicBoolTerm>
</RootTerm>
</CondStmnt>
<BasicStmnt CovItemId="S17" CovItemPrefix="haodong.detection.step.algo.StepSelfAdjustAlgo.java" Intrnl_Id="253">
<LocList>
<Loc EndOffset="986" SrcFileId="5" StartOffset="955"/>
</LocList>
</BasicStmnt>
<BasicStmnt CovItemId="S18" CovItemPrefix="haodong.detection.step.algo.StepSelfAdjustAlgo.java" Intrnl_Id="254">
<LocList>
<Loc EndOffset="1022" SrcFileId="5" StartOffset="990"/>
</LocList>
</BasicStmnt>
<BasicStmnt CovItemId="S19" CovItemPrefix="haodong.detection.step.algo.StepSelfAdjustAlgo.java" Intrnl_Id="255">
<LocList>
<Loc EndOffset="1052" SrcFileId="5" StartOffset="1026"/>
</LocList>
</BasicStmnt>
</StmntSeq>
</Branch>
<Keyword EndOffset="545" SrcFileId="5" StartOffset="543"/>
<LocList>
<Loc EndOffset="1056" SrcFileId="5" StartOffset="543"/>
</LocList>
<RootTerm CovItemId="C1" CovItemPrefix="haodong.detection.step.algo.StepSelfAdjustAlgo.java" Intrnl_Id="256">
<BasicBoolTerm Intrnl_Id="257">
<LocList>
<Loc EndOffset="580" SrcFileId="5" StartOffset="546"/>
</LocList>
</BasicBoolTerm>
</RootTerm>
</CondStmnt>
</StmntSeq>
</HierarchyLvl>
<HierarchyLvl HierarchyLvlId="289" HierarchyLvlTypeId="9" Intrnl_Id="258" Name="loopInner">
<Header>
<Loc EndOffset="1107" SrcFileId="5" StartOffset="1063"/>
</Header>
<LocList>
<Loc EndOffset="1661" SrcFileId="5" StartOffset="1063"/>
</LocList>
<StmntSeq Intrnl_Id="259">
<LocList>
<Loc EndOffset="1146" SrcFileId="5" StartOffset="1114"/>
<Loc EndOffset="1181" SrcFileId="5" StartOffset="1149"/>
<Loc EndOffset="1300" SrcFileId="5" StartOffset="1187"/>
<Loc EndOffset="1407" SrcFileId="5" StartOffset="1347"/>
<Loc EndOffset="1514" SrcFileId="5" StartOffset="1461"/>
<Loc EndOffset="1543" SrcFileId="5" StartOffset="1517"/>
<Loc EndOffset="1576" SrcFileId="5" StartOffset="1546"/>
<Loc EndOffset="1609" SrcFileId="5" StartOffset="1579"/>
<Loc EndOffset="1642" SrcFileId="5" StartOffset="1612"/>
<Loc EndOffset="1658" SrcFileId="5" StartOffset="1645"/>
</LocList>
<BasicStmnt CovItemId="S20" CovItemPrefix="haodong.detection.step.algo.StepSelfAdjustAlgo.java" Intrnl_Id="260">
<LocList>
<Loc EndOffset="1146" SrcFileId="5" StartOffset="1114"/>
</LocList>
</BasicStmnt>
<BasicStmnt CovItemId="S21" CovItemPrefix="haodong.detection.step.algo.StepSelfAdjustAlgo.java" Intrnl_Id="261">
<LocList>
<Loc EndOffset="1181" SrcFileId="5" StartOffset="1149"/>
</LocList>
</BasicStmnt>
<LoopStmnt CovItemId="S22" CovItemPrefix="haodong.detection.step.algo.StepSelfAdjustAlgo.java" Intrnl_Id="262" MltplExecId="L2-2" MltplExecPrefix="haodong.detection.step.algo.StepSelfAdjustAlgo.java" NvrExecId="L2-0" NvrExecPrefix="haodong.detection.step.algo.StepSelfAdjustAlgo.java" OnceExecutedId="L2-1" OnceExecutedPrefix="haodong.detection.step.algo.StepSelfAdjustAlgo.java" OptBodyExec="true">
<StmntSeq Intrnl_Id="263">
<LocList>
<Loc EndOffset="1261" SrcFileId="5" StartOffset="1232"/>
<Loc EndOffset="1296" SrcFileId="5" StartOffset="1265"/>
</LocList>
<BasicStmnt CovItemId="S23" CovItemPrefix="haodong.detection.step.algo.StepSelfAdjustAlgo.java" Intrnl_Id="264">
<LocList>
<Loc EndOffset="1261" SrcFileId="5" StartOffset="1232"/>
</LocList>
</BasicStmnt>
<BasicStmnt CovItemId="S24" CovItemPrefix="haodong.detection.step.algo.StepSelfAdjustAlgo.java" Intrnl_Id="265">
<LocList>
<Loc EndOffset="1296" SrcFileId="5" StartOffset="1265"/>
</LocList>
</BasicStmnt>
</StmntSeq>
<Keyword EndOffset="1190" SrcFileId="5" StartOffset="1187"/>
<LocList>
<Loc EndOffset="1300" SrcFileId="5" StartOffset="1187"/>
</LocList>
<RootTerm CovItemId="C4" CovItemPrefix="haodong.detection.step.algo.StepSelfAdjustAlgo.java" Intrnl_Id="266">
<BasicBoolTerm Intrnl_Id="267">
<LocList>
<Loc EndOffset="1217" SrcFileId="5" StartOffset="1205"/>
</LocList>
</BasicBoolTerm>
</RootTerm>
</LoopStmnt>
<BasicStmnt CovItemId="S25" CovItemPrefix="haodong.detection.step.algo.StepSelfAdjustAlgo.java" Intrnl_Id="268">
<LocList>
<Loc EndOffset="1407" SrcFileId="5" StartOffset="1347"/>
</LocList>
</BasicStmnt>
<BasicStmnt CovItemId="S26" CovItemPrefix="haodong.detection.step.algo.StepSelfAdjustAlgo.java" Intrnl_Id="269">
<LocList>
<Loc EndOffset="1514" SrcFileId="5" StartOffset="1461"/>
</LocList>
</BasicStmnt>
<BasicStmnt CovItemId="S27" CovItemPrefix="haodong.detection.step.algo.StepSelfAdjustAlgo.java" Intrnl_Id="270">
<LocList>
<Loc EndOffset="1543" SrcFileId="5" StartOffset="1517"/>
</LocList>
</BasicStmnt>
<BasicStmnt CovItemId="S28" CovItemPrefix="haodong.detection.step.algo.StepSelfAdjustAlgo.java" Intrnl_Id="271">
<LocList>
<Loc EndOffset="1576" SrcFileId="5" StartOffset="1546"/>
</LocList>
</BasicStmnt>
<BasicStmnt CovItemId="S29" CovItemPrefix="haodong.detection.step.algo.StepSelfAdjustAlgo.java" Intrnl_Id="272">
<LocList>
<Loc EndOffset="1609" SrcFileId="5" StartOffset="1579"/>
</LocList>
</BasicStmnt>
<BasicStmnt CovItemId="S30" CovItemPrefix="haodong.detection.step.algo.StepSelfAdjustAlgo.java" Intrnl_Id="273">
<LocList>
<Loc EndOffset="1642" SrcFileId="5" StartOffset="1612"/>
</LocList>
</BasicStmnt>
<BasicStmnt CovItemId="S31" CovItemPrefix="haodong.detection.step.algo.StepSelfAdjustAlgo.java" Intrnl_Id="274">
<LocList>
<Loc EndOffset="1658" SrcFileId="5" StartOffset="1645"/>
</LocList>
</BasicStmnt>
</StmntSeq>
</HierarchyLvl>
<HierarchyLvl HierarchyLvlId="290" HierarchyLvlTypeId="9" Intrnl_Id="275" Name="calSelfAdjustValue">
<Header>
<Loc EndOffset="1728" SrcFileId="5" StartOffset="1665"/>
</Header>
<LocList>
<Loc EndOffset="2133" SrcFileId="5" StartOffset="1665"/>
</LocList>
<StmntSeq Intrnl_Id="276">
<LocList>
<Loc EndOffset="1779" SrcFileId="5" StartOffset="1735"/>
<Loc EndOffset="1826" SrcFileId="5" StartOffset="1782"/>
<Loc EndOffset="1889" SrcFileId="5" StartOffset="1829"/>
<Loc EndOffset="1952" SrcFileId="5" StartOffset="1892"/>
<Loc EndOffset="1969" SrcFileId="5" StartOffset="1955"/>
<Loc EndOffset="2072" SrcFileId="5" StartOffset="1975"/>
<Loc EndOffset="2130" SrcFileId="5" StartOffset="2075"/>
</LocList>
<BasicStmnt CovItemId="S32" CovItemPrefix="haodong.detection.step.algo.StepSelfAdjustAlgo.java" Intrnl_Id="277">
<LocList>
<Loc EndOffset="1779" SrcFileId="5" StartOffset="1735"/>
</LocList>
</BasicStmnt>
<BasicStmnt CovItemId="S33" CovItemPrefix="haodong.detection.step.algo.StepSelfAdjustAlgo.java" Intrnl_Id="278">
<LocList>
<Loc EndOffset="1826" SrcFileId="5" StartOffset="1782"/>
</LocList>
</BasicStmnt>
<BasicStmnt CovItemId="S34" CovItemPrefix="haodong.detection.step.algo.StepSelfAdjustAlgo.java" Intrnl_Id="279">
<LocList>
<Loc EndOffset="1889" SrcFileId="5" StartOffset="1829"/>
</LocList>
</BasicStmnt>
<BasicStmnt CovItemId="S35" CovItemPrefix="haodong.detection.step.algo.StepSelfAdjustAlgo.java" Intrnl_Id="280">
<LocList>
<Loc EndOffset="1952" SrcFileId="5" StartOffset="1892"/>
</LocList>
</BasicStmnt>
<BasicStmnt CovItemId="S36" CovItemPrefix="haodong.detection.step.algo.StepSelfAdjustAlgo.java" Intrnl_Id="281">
<LocList>
<Loc EndOffset="1969" SrcFileId="5" StartOffset="1955"/>
</LocList>
</BasicStmnt>
<LoopStmnt CovItemId="S37" CovItemPrefix="haodong.detection.step.algo.StepSelfAdjustAlgo.java" Intrnl_Id="282" MltplExecId="L3-2" MltplExecPrefix="haodong.detection.step.algo.StepSelfAdjustAlgo.java" NvrExecId="L3-0" NvrExecPrefix="haodong.detection.step.algo.StepSelfAdjustAlgo.java" OnceExecutedId="L3-1" OnceExecutedPrefix="haodong.detection.step.algo.StepSelfAdjustAlgo.java" OptBodyExec="true">
<StmntSeq Intrnl_Id="283">
<LocList>
<Loc EndOffset="2068" SrcFileId="5" StartOffset="2019"/>
</LocList>
<BasicStmnt CovItemId="S38" CovItemPrefix="haodong.detection.step.algo.StepSelfAdjustAlgo.java" Intrnl_Id="284">
<LocList>
<Loc EndOffset="2068" SrcFileId="5" StartOffset="2019"/>
</LocList>
</BasicStmnt>
</StmntSeq>
<Keyword EndOffset="1978" SrcFileId="5" StartOffset="1975"/>
<LocList>
<Loc EndOffset="2072" SrcFileId="5" StartOffset="1975"/>
</LocList>
<RootTerm CovItemId="C5" CovItemPrefix="haodong.detection.step.algo.StepSelfAdjustAlgo.java" Intrnl_Id="285">
<BasicBoolTerm Intrnl_Id="286">
<LocList>
<Loc EndOffset="2008" SrcFileId="5" StartOffset="1990"/>
</LocList>
</BasicBoolTerm>
</RootTerm>
</LoopStmnt>
<BasicStmnt CovItemId="S39" CovItemPrefix="haodong.detection.step.algo.StepSelfAdjustAlgo.java" Intrnl_Id="287">
<LocList>
<Loc EndOffset="2130" SrcFileId="5" StartOffset="2075"/>
</LocList>
</BasicStmnt>
</StmntSeq>
</HierarchyLvl>
<HierarchyLvl HierarchyLvlId="291" HierarchyLvlTypeId="9" Intrnl_Id="288" Name="getMaxSelfAdjustIndex">
<Header>
<Loc EndOffset="2195" SrcFileId="5" StartOffset="2137"/>
</Header>
<LocList>
<Loc EndOffset="2398" SrcFileId="5" StartOffset="2137"/>
</LocList>
<StmntSeq Intrnl_Id="289">
<LocList>
<Loc EndOffset="2217" SrcFileId="5" StartOffset="2202"/>
<Loc EndOffset="2234" SrcFileId="5" StartOffset="2220"/>
<Loc EndOffset="2379" SrcFileId="5" StartOffset="2240"/>
<Loc EndOffset="2395" SrcFileId="5" StartOffset="2382"/>
</LocList>
<BasicStmnt CovItemId="S40" CovItemPrefix="haodong.detection.step.algo.StepSelfAdjustAlgo.java" Intrnl_Id="290">
<LocList>
<Loc EndOffset="2217" SrcFileId="5" StartOffset="2202"/>
</LocList>
</BasicStmnt>
<BasicStmnt CovItemId="S41" CovItemPrefix="haodong.detection.step.algo.StepSelfAdjustAlgo.java" Intrnl_Id="291">
<LocList>
<Loc EndOffset="2234" SrcFileId="5" StartOffset="2220"/>
</LocList>
</BasicStmnt>
<LoopStmnt CovItemId="S42" CovItemPrefix="haodong.detection.step.algo.StepSelfAdjustAlgo.java" Intrnl_Id="292" MltplExecId="L4-2" MltplExecPrefix="haodong.detection.step.algo.StepSelfAdjustAlgo.java" NvrExecId="L4-0" NvrExecPrefix="haodong.detection.step.algo.StepSelfAdjustAlgo.java" OnceExecutedId="L4-1" OnceExecutedPrefix="haodong.detection.step.algo.StepSelfAdjustAlgo.java" OptBodyExec="true">
<StmntSeq Intrnl_Id="293">
<LocList>
<Loc EndOffset="2375" SrcFileId="5" StartOffset="2284"/>
</LocList>
<CondStmnt CovItemId="S43" CovItemPrefix="haodong.detection.step.algo.StepSelfAdjustAlgo.java" Intrnl_Id="294">
<Branch CovItemId="B5" CovItemPrefix="haodong.detection.step.algo.StepSelfAdjustAlgo.java" Implct="false" Intrnl_Id="295">
<Cond/>
<LocList>
<Loc EndOffset="2375" SrcFileId="5" StartOffset="2318"/>
</LocList>
<StmntSeq Intrnl_Id="296">
<LocList>
<Loc EndOffset="2355" SrcFileId="5" StartOffset="2324"/>
<Loc EndOffset="2370" SrcFileId="5" StartOffset="2360"/>
</LocList>
<BasicStmnt CovItemId="S44" CovItemPrefix="haodong.detection.step.algo.StepSelfAdjustAlgo.java" Intrnl_Id="297">
<LocList>
<Loc EndOffset="2355" SrcFileId="5" StartOffset="2324"/>
</LocList>
</BasicStmnt>
<BasicStmnt CovItemId="S45" CovItemPrefix="haodong.detection.step.algo.StepSelfAdjustAlgo.java" Intrnl_Id="298">
<LocList>
<Loc EndOffset="2370" SrcFileId="5" StartOffset="2360"/>
</LocList>
</BasicStmnt>
</StmntSeq>
</Branch>
<Branch CovItemId="B6" CovItemPrefix="haodong.detection.step.algo.StepSelfAdjustAlgo.java" Implct="true" Intrnl_Id="299">
<Cond/>
<LocList/>
<StmntSeq Intrnl_Id="300">
<LocList/>
</StmntSeq>
</Branch>
<Keyword EndOffset="2286" SrcFileId="5" StartOffset="2284"/>
<LocList>
<Loc EndOffset="2375" SrcFileId="5" StartOffset="2284"/>
</LocList>
<RootTerm CovItemId="C7" CovItemPrefix="haodong.detection.step.algo.StepSelfAdjustAlgo.java" Intrnl_Id="301">
<BasicBoolTerm Intrnl_Id="302">
<LocList>
<Loc EndOffset="2317" SrcFileId="5" StartOffset="2287"/>
</LocList>
</BasicBoolTerm>
</RootTerm>
</CondStmnt>
</StmntSeq>
<Keyword EndOffset="2243" SrcFileId="5" StartOffset="2240"/>
<LocList>
<Loc EndOffset="2379" SrcFileId="5" StartOffset="2240"/>
</LocList>
<RootTerm CovItemId="C6" CovItemPrefix="haodong.detection.step.algo.StepSelfAdjustAlgo.java" Intrnl_Id="303">
<BasicBoolTerm Intrnl_Id="304">
<LocList>
<Loc EndOffset="2273" SrcFileId="5" StartOffset="2255"/>
</LocList>
</BasicBoolTerm>
</RootTerm>
</LoopStmnt>
<BasicStmnt CovItemId="S46" CovItemPrefix="haodong.detection.step.algo.StepSelfAdjustAlgo.java" Intrnl_Id="305">
<LocList>
<Loc EndOffset="2395" SrcFileId="5" StartOffset="2382"/>
</LocList>
</BasicStmnt>
</StmntSeq>
</HierarchyLvl>
<HierarchyLvl HierarchyLvlId="292" HierarchyLvlTypeId="9" Intrnl_Id="306" Name="arrayModify">
<Header>
<Loc EndOffset="2441" SrcFileId="5" StartOffset="2402"/>
</Header>
<LocList>
<Loc EndOffset="2618" SrcFileId="5" StartOffset="2402"/>
</LocList>
<StmntSeq Intrnl_Id="307">
<LocList>
<Loc EndOffset="2496" SrcFileId="5" StartOffset="2445"/>
<Loc EndOffset="2596" SrcFileId="5" StartOffset="2502"/>
<Loc EndOffset="2615" SrcFileId="5" StartOffset="2599"/>
</LocList>
<BasicStmnt CovItemId="S47" CovItemPrefix="haodong.detection.step.algo.StepSelfAdjustAlgo.java" Intrnl_Id="308">
<LocList>
<Loc EndOffset="2496" SrcFileId="5" StartOffset="2445"/>
</LocList>
</BasicStmnt>
<LoopStmnt CovItemId="S48" CovItemPrefix="haodong.detection.step.algo.StepSelfAdjustAlgo.java" Intrnl_Id="309" MltplExecId="L5-2" MltplExecPrefix="haodong.detection.step.algo.StepSelfAdjustAlgo.java" NvrExecId="L5-0" NvrExecPrefix="haodong.detection.step.algo.StepSelfAdjustAlgo.java" OnceExecutedId="L5-1" OnceExecutedPrefix="haodong.detection.step.algo.StepSelfAdjustAlgo.java" OptBodyExec="true">
<StmntSeq Intrnl_Id="310">
<LocList>
<Loc EndOffset="2592" SrcFileId="5" StartOffset="2562"/>
</LocList>
<BasicStmnt CovItemId="S49" CovItemPrefix="haodong.detection.step.algo.StepSelfAdjustAlgo.java" Intrnl_Id="311">
<LocList>
<Loc EndOffset="2592" SrcFileId="5" StartOffset="2562"/>
</LocList>
</BasicStmnt>
</StmntSeq>
<Keyword EndOffset="2505" SrcFileId="5" StartOffset="2502"/>
<LocList>
<Loc EndOffset="2596" SrcFileId="5" StartOffset="2502"/>
</LocList>
<RootTerm CovItemId="C8" CovItemPrefix="haodong.detection.step.algo.StepSelfAdjustAlgo.java" Intrnl_Id="312">
<BasicBoolTerm Intrnl_Id="313">
<LocList>
<Loc EndOffset="2551" SrcFileId="5" StartOffset="2517"/>
</LocList>
</BasicBoolTerm>
</RootTerm>
</LoopStmnt>
<BasicStmnt CovItemId="S50" CovItemPrefix="haodong.detection.step.algo.StepSelfAdjustAlgo.java" Intrnl_Id="314">
<LocList>
<Loc EndOffset="2615" SrcFileId="5" StartOffset="2599"/>
</LocList>
</BasicStmnt>
</StmntSeq>
</HierarchyLvl>
<HierarchyLvl HierarchyLvlId="293" HierarchyLvlTypeId="9" Intrnl_Id="315" Name="isStepDetected">
<Header>
<Loc EndOffset="2686" SrcFileId="5" StartOffset="2622"/>
</Header>
<LocList>
<Loc EndOffset="2823" SrcFileId="5" StartOffset="2622"/>
</LocList>
<StmntSeq Intrnl_Id="316">
<LocList>
<Loc EndOffset="2820" SrcFileId="5" StartOffset="2690"/>
</LocList>
<CondStmnt CovItemId="S51" CovItemPrefix="haodong.detection.step.algo.StepSelfAdjustAlgo.java" Intrnl_Id="317">
<Branch CovItemId="B7" CovItemPrefix="haodong.detection.step.algo.StepSelfAdjustAlgo.java" Implct="false" Intrnl_Id="318">
<Cond/>
<LocList>
<Loc EndOffset="2799" SrcFileId="5" StartOffset="2787"/>
</LocList>
<StmntSeq Intrnl_Id="319">
<LocList>
<Loc EndOffset="2799" SrcFileId="5" StartOffset="2787"/>
</LocList>
<BasicStmnt CovItemId="S52" CovItemPrefix="haodong.detection.step.algo.StepSelfAdjustAlgo.java" Intrnl_Id="320">
<LocList>
<Loc EndOffset="2799" SrcFileId="5" StartOffset="2787"/>
</LocList>
</BasicStmnt>
</StmntSeq>
</Branch>
<Branch CovItemId="B8" CovItemPrefix="haodong.detection.step.algo.StepSelfAdjustAlgo.java" Implct="false" Intrnl_Id="321">
<Cond>
<Loc EndOffset="2806" SrcFileId="5" StartOffset="2802"/>
</Cond>
<LocList>
<Loc EndOffset="2820" SrcFileId="5" StartOffset="2807"/>
</LocList>
<StmntSeq Intrnl_Id="322">
<LocList>
<Loc EndOffset="2820" SrcFileId="5" StartOffset="2807"/>
</LocList>
<BasicStmnt CovItemId="S53" CovItemPrefix="haodong.detection.step.algo.StepSelfAdjustAlgo.java" Intrnl_Id="323">
<LocList>
<Loc EndOffset="2820" SrcFileId="5" StartOffset="2807"/>
</LocList>
</BasicStmnt>
</StmntSeq>
</Branch>
<Keyword EndOffset="2692" SrcFileId="5" StartOffset="2690"/>
<LocList>
<Loc EndOffset="2820" SrcFileId="5" StartOffset="2690"/>
</LocList>
<RootTerm CovItemId="C9" CovItemPrefix="haodong.detection.step.algo.StepSelfAdjustAlgo.java" Intrnl_Id="324">
<OpTerm BooleanOpId="6" Intrnl_Id="325">
<BasicBoolTerm Intrnl_Id="326">
<LocList>
<Loc EndOffset="2733" SrcFileId="5" StartOffset="2693"/>
</LocList>
</BasicBoolTerm>
<BasicBoolTerm Intrnl_Id="327">
<LocList>
<Loc EndOffset="2783" SrcFileId="5" StartOffset="2741"/>
</LocList>
</BasicBoolTerm>
<LocList>
<Loc EndOffset="2736" SrcFileId="5" StartOffset="2734"/>
</LocList>
</OpTerm>
</RootTerm>
</CondStmnt>
</StmntSeq>
</HierarchyLvl>
<HierarchyLvl HierarchyLvlId="294" HierarchyLvlTypeId="10" Intrnl_Id="328" Name="Model">
<Header>
<Loc EndOffset="2846" SrcFileId="5" StartOffset="2827"/>
</Header>
<LocList>
<Loc EndOffset="2938" SrcFileId="5" StartOffset="2827"/>
</LocList>
<StmntSeq Intrnl_Id="329">
<LocList>
<Loc EndOffset="2878" SrcFileId="5" StartOffset="2850"/>
<Loc EndOffset="2909" SrcFileId="5" StartOffset="2881"/>
<Loc EndOffset="2935" SrcFileId="5" StartOffset="2912"/>
</LocList>
<BasicStmnt CovItemId="S54" CovItemPrefix="haodong.detection.step.algo.StepSelfAdjustAlgo.java" Intrnl_Id="330">
<LocList>
<Loc EndOffset="2878" SrcFileId="5" StartOffset="2850"/>
</LocList>
</BasicStmnt>
<BasicStmnt CovItemId="S55" CovItemPrefix="haodong.detection.step.algo.StepSelfAdjustAlgo.java" Intrnl_Id="331">
<LocList>
<Loc EndOffset="2909" SrcFileId="5" StartOffset="2881"/>
</LocList>
</BasicStmnt>
<BasicStmnt CovItemId="S56" CovItemPrefix="haodong.detection.step.algo.StepSelfAdjustAlgo.java" Intrnl_Id="332">
<LocList>
<Loc EndOffset="2935" SrcFileId="5" StartOffset="2912"/>
</LocList>
</BasicStmnt>
</StmntSeq>
</HierarchyLvl>
<HierarchyLvl HierarchyLvlId="295" HierarchyLvlTypeId="9" Intrnl_Id="333" Name="getStepResult">
<Header>
<Loc EndOffset="2978" SrcFileId="5" StartOffset="2941"/>
</Header>
<LocList>
<Loc EndOffset="3006" SrcFileId="5" StartOffset="2941"/>
</LocList>
<StmntSeq Intrnl_Id="334">
<LocList>
<Loc EndOffset="3003" SrcFileId="5" StartOffset="2983"/>
</LocList>
<BasicStmnt CovItemId="S57" CovItemPrefix="haodong.detection.step.algo.StepSelfAdjustAlgo.java" Intrnl_Id="335">
<LocList>
<Loc EndOffset="3003" SrcFileId="5" StartOffset="2983"/>
</LocList>
</BasicStmnt>
</StmntSeq>
</HierarchyLvl>
<HierarchyLvl HierarchyLvlId="296" HierarchyLvlTypeId="9" Intrnl_Id="336" Name="getStepResultList">
<Header>
<Loc EndOffset="3065" SrcFileId="5" StartOffset="3009"/>
</Header>
<LocList>
<Loc EndOffset="3085" SrcFileId="5" StartOffset="3009"/>
</LocList>
<StmntSeq Intrnl_Id="337">
<LocList>
<Loc EndOffset="3082" SrcFileId="5" StartOffset="3070"/>
</LocList>
<BasicStmnt CovItemId="S58" CovItemPrefix="haodong.detection.step.algo.StepSelfAdjustAlgo.java" Intrnl_Id="338">
<LocList>
<Loc EndOffset="3082" SrcFileId="5" StartOffset="3070"/>
</LocList>
</BasicStmnt>
</StmntSeq>
</HierarchyLvl>
</HierarchyLvl>
</HierarchyLvl>
</HierarchyLvl>
</HierarchyLvl>
</HierarchyLvl>
</HierarchyLvl>
</MASTRoot>
</TestSessionContainer>
